2023-09-01 01:46:06 info: ------------------------------------------
2023-09-01 01:46:06 info: SSA POST DATA {"debug":"1","user_id":"devej1469","device_id":"e959f50d8263e9a5","version":"4","platform":"ios"}
2023-09-01 01:46:06 info: {"completed_in":0,"status":0,"message":"TEST","session_id":"d7655ce9-19a6-483b-8ec9-9842de64f855","request_id":"","ts":"2023-09-01 1:46:6"}
2023-09-01 01:46:06 info: POST DB ["lifeguard_fee_inquiry","POST","ios","4","e959f50d8263e9a5","","d7655ce9-19a6-483b-8ec9-9842de64f855","devej1469","","","","","","2023-09-06 1:46:6"]
2023-09-01 01:46:06 info: SSA API METHOD /api/lifeguard_fee_inquiry
2023-09-01 01:46:06 info: SSA ERROR RESPONSE
2023-09-01 01:46:48 info: ------------------------------------------
2023-09-01 01:46:48 info: SSA API METHOD /api/lifeguard_fee_inquiry
2023-09-01 01:46:48 info: URL: https://192.168.205.127:1328/LifeGuard/feeInquiry
2023-09-01 01:46:48 info: SSA POST DATA {"debug":"1","user_id":"devej1469","device_id":"e959f50d8263e9a5","version":"4","platform":"ios"}
2023-09-01 01:46:48 info: POST DB ["lifeguard_fee_inquiry","POST","ios","4","e959f50d8263e9a5","","c2d4e887-97f4-45a5-9291-9df2cca054d6","devej1469","","","","","","2023-09-06 1:46:48"]
2023-09-01 01:46:59 info: USSC WEB SERVICE RESPONSE
2023-09-01 01:46:59 info: ACTUAL RESPONSE.... {"code":"000000","message":"OK","data":{"coverage":"30","time":"days","type_id":1,"type_name":"Lifeguard P50","type_short_description":"Accidental","type_description":"Insured in the event of accidental death, disability, and dismemberment","premium":"23.10","commission":"11.90","markup":"15.00","transaction_amount":"50.00","total":"50.00"}})
2023-09-01 01:46:59 info: SSA SUCCESS RESPONSE {"completed_in":0,"status":1,"message":"Success.","session_id":"c2d4e887-97f4-45a5-9291-9df2cca054d6","request_id":"","ts":"2023-09-01 1:46:59","result":{"coverage":"30","time":"days","type_id":1,"type_name":"Lifeguard P50","type_short_description":"Accidental","type_description":"Insured in the event of accidental death, disability, and dismemberment","premium":"23.10","commission":"11.90","markup":"15.00","transaction_amount":"50.00","total":"50.00"}}
2023-09-01 01:50:02 info: ------------------------------------------
2023-09-01 01:50:02 info: UMSI URL: http://192.168.144.119:8000/api/moneygram/getcodes
2023-09-01 01:50:02 info: UMSI ACTUAL POST.... {"BranchCode":"61300","UserId":"MAP001","TerminalId":"61300","Channel":"M"}
2023-09-01 01:50:02 info: SSA POST DATA {"version":"4","debug":"1","user_id":"devej1469","channel_code":"M"}
2023-09-01 01:50:02 info: SSA API METHOD /api/moneygram/get_codes
2023-09-01 01:50:02 info: POST DB ["get_codes","POST","","4","","","ad5220d4-3d32-4077-b175-e7d4af1c20fe","devej1469","","","","","","2023-09-06 1:50:2"]
2023-09-01 01:50:12 info: {"completed_in":0,"status":0,"message":"Error","session_id":"ad5220d4-3d32-4077-b175-e7d4af1c20fe","request_id":"","ts":"2023-09-01 1:50:12"}
2023-09-01 01:50:12 info: UMSI API ERROR {"message":"Request failed with status code 500","name":"AxiosError","stack":"AxiosError: Request failed with status code 500\n    at settle (/usr/src/app/node_modules/axios/dist/node/axios.cjs:1909:12)\n    at IncomingMessage.handleStreamEnd (/usr/src/app/node_modules/axios/dist/node/axios.cjs:2989:11)\n    at IncomingMessage.emit (node:events:526:35)\n    at endReadableNT (node:internal/streams/readable:1359:12)\n    at process.processTicksAndRejections (node:internal/process/task_queues:82:21)","config":{"transitional":{"silentJSONParsing":true,"forcedJSONParsing":true,"clarifyTimeoutError":false},"adapter":["xhr","http"],"transformRequest":[null],"transformResponse":[null],"timeout":0,"xsrfCookieName":"XSRF-TOKEN","xsrfHeaderName":"X-XSRF-TOKEN","maxContentLength":-1,"maxBodyLength":-1,"env":{},"headers":{"Accept":"application/json, text/plain, */*","Content-Type":"application/json","apikey":"a8e2fca9-e9b2-4175-919a-e5da7b36a648","User-Agent":"axios/1.4.0","Content-Length":"75","Accept-Encoding":"gzip, compress, deflate, br"},"method":"post","url":"http://192.168.144.119:8000/api/moneygram/getcodes","data":"{\"BranchCode\":\"61300\",\"UserId\":\"MAP001\",\"TerminalId\":\"61300\",\"Channel\":\"M\"}","httpsAgent":{"_events":{},"_eventsCount":2,"defaultPort":443,"protocol":"https:","options":{"rejectUnauthorized":false,"noDelay":true,"path":null},"requests":{},"sockets":{},"freeSockets":{},"keepAliveMsecs":1000,"keepAlive":false,"maxSockets":null,"maxFreeSockets":256,"scheduling":"lifo","maxTotalSockets":null,"totalSocketCount":0,"maxCachedSessions":100,"_sessionCache":{"map":{},"list":[]}}},"code":"ERR_BAD_RESPONSE","status":500}
2023-09-01 01:50:12 info: SSA ERROR RESPONSE
