2023-09-22 03:15:16 info: SSA POST DATA {"debug":"1","version":"4","user_id":"devej1469","device_id":"860119042347473","mobileno":"639465221959","otp_code":"508843"}
2023-09-22 03:15:16 info: OTP Verify: {"user_id":"devej1469","mobile_no":"639465221959","code":"508843"}
2023-09-22 03:15:16 info: ------------------------------------------
2023-09-22 03:15:16 info: SSA API METHOD /api/mobile_otp/verify
2023-09-22 03:15:16 info: SSA SUCCESS RESPONSE {"completed_in":0,"status":1,"message":"Success","session_id":"171863cc-8395-4301-b3cc-386d221d90a4","request_id":"","ts":"2023-09-22 3:15:16","results":{"user_id":"devej1469","mobile_no":"639465221959","code":"508843"}}
2023-09-22 03:49:32 info: ------------------------------------------
2023-09-22 03:49:32 info: SSA POST DATA {"debug":"1","version":"4","user_id":"devej1469","device_id":"860119042347473","mobileno":"639465221959","otp_code":"508843"}
2023-09-22 03:49:32 info: OTP Verify: "VALID"
2023-09-22 03:49:32 info: SSA API METHOD /api/mobile_otp/verify
2023-09-22 03:49:32 info: SSA SUCCESS RESPONSE {"completed_in":0,"status":1,"message":"Success","session_id":"914afd88-443f-4d0b-9596-5ccee208811a","request_id":"","ts":"2023-09-22 3:49:32","results":"VALID"}
2023-09-22 03:49:38 info: SSA POST DATA {"debug":"1","version":"4","user_id":"devej1469","device_id":"860119042347473","otp_code":"508843"}
2023-09-22 03:49:38 info: SSA API METHOD /api/mobile_otp/verify
2023-09-22 03:49:38 info: ------------------------------------------
2023-09-22 03:49:38 info: OTP Verify: "NOT VALID"
2023-09-22 03:49:38 info: SSA SUCCESS RESPONSE {"completed_in":0,"status":1,"message":"Success","session_id":"95c0e392-6f0c-4e7b-bdd9-c3e622f23716","request_id":"","ts":"2023-09-22 3:49:38","results":"NOT VALID"}
2023-09-22 03:53:44 info: ------------------------------------------
2023-09-22 03:53:44 info: SSA API METHOD /api/mobile_otp/verify
2023-09-22 03:53:44 info: SSA POST DATA {"debug":"1","version":"4","user_id":"devej1469","device_id":"860119042347473","mobileno":"639465221959","otp_code":"508843"}
2023-09-22 03:54:28 info: ------------------------------------------
2023-09-22 03:54:28 info: SSA POST DATA {"debug":"1","version":"4","user_id":"devej1469","device_id":"860119042347473","mobileno":"639465221959","otp_code":"508843"}
2023-09-22 03:54:28 info: SSA API METHOD /api/mobile_otp/verify
2023-09-22 03:54:28 info: OTP Verify: 1
2023-09-22 03:54:28 info: SSA SUCCESS RESPONSE {"completed_in":0,"status":1,"message":"Success","session_id":"4ba78afd-b166-40eb-822c-87a29e917f83","request_id":"","ts":"2023-09-22 3:54:28","results":1}
2023-09-22 04:04:02 info: ------------------------------------------
2023-09-22 04:04:02 info: SSA POST DATA {"debug":"1","version":"4","user_id":"devej1469","device_id":"860119042347473","mobileno":"639465221959","otp_code":"508843"}
2023-09-22 04:04:02 info: SSA API METHOD /api/mobile_otp/verify
2023-09-22 04:04:02 info: OTP Verify: "Tries added"
2023-09-22 04:04:02 info: SSA SUCCESS RESPONSE {"completed_in":0,"status":1,"message":"Success","session_id":"5750f610-7e9f-490b-aac5-8851eaffedde","request_id":"","ts":"2023-09-22 4:4:2","results":"Tries added"}
2023-09-22 04:04:09 info: ------------------------------------------
2023-09-22 04:04:09 info: SSA POST DATA {"debug":"1","version":"4","user_id":"devej1469","device_id":"860119042347473","mobileno":"639465221959","otp_code":"508843"}
2023-09-22 04:04:09 info: SSA API METHOD /api/mobile_otp/verify
2023-09-22 04:04:09 info: OTP Verify: "Tries added"
2023-09-22 04:04:09 info: SSA SUCCESS RESPONSE {"completed_in":0,"status":1,"message":"Success","session_id":"e5b92a03-fdb9-4b6c-9e1e-12819a0ccfbc","request_id":"","ts":"2023-09-22 4:4:9","results":"Tries added"}
2023-09-22 04:04:13 info: ------------------------------------------
2023-09-22 04:04:13 info: SSA POST DATA {"debug":"1","version":"4","user_id":"devej1469","device_id":"860119042347473","mobileno":"639465221959","otp_code":"508843"}
2023-09-22 04:04:13 info: SSA API METHOD /api/mobile_otp/verify
2023-09-22 04:04:13 info: SSA SUCCESS RESPONSE {"completed_in":0,"status":1,"message":"Success","session_id":"ca2595bf-f86c-4121-b2b8-dc4b84e9cc2b","request_id":"","ts":"2023-09-22 4:4:13","results":"Tries added"}
2023-09-22 04:04:13 info: OTP Verify: "Tries added"
2023-09-22 04:04:17 info: SSA API METHOD /api/mobile_otp/verify
2023-09-22 04:04:17 info: SSA POST DATA {"debug":"1","version":"4","user_id":"devej1469","device_id":"860119042347473","mobileno":"639465221959","otp_code":"508843"}
2023-09-22 04:04:17 info: ------------------------------------------
2023-09-22 04:04:17 info: OTP Verify: "Tries added"
2023-09-22 04:04:17 info: SSA SUCCESS RESPONSE {"completed_in":0,"status":1,"message":"Success","session_id":"157e4849-f3fb-4a87-af51-55888d15deb3","request_id":"","ts":"2023-09-22 4:4:17","results":"Tries added"}
2023-09-22 04:04:23 info: SSA POST DATA {"debug":"1","version":"4","user_id":"devej1469","device_id":"860119042347473","mobileno":"639465221959","otp_code":"508843"}
2023-09-22 04:04:23 info: SSA API METHOD /api/mobile_otp/verify
2023-09-22 04:04:23 info: ------------------------------------------
2023-09-22 04:04:23 info: SSA SUCCESS RESPONSE {"completed_in":0,"status":1,"message":"Success","session_id":"d6326c04-c2fa-4659-8a59-d8831ec9f7cc","request_id":"","ts":"2023-09-22 4:4:23","results":"Tries added"}
2023-09-22 04:04:23 info: OTP Verify: "Tries added"
2023-09-22 04:04:56 info: ------------------------------------------
2023-09-22 04:04:56 info: SSA POST DATA {"debug":"1","version":"4","user_id":"devej1469","device_id":"860119042347473","mobileno":"639465221959","otp_code":"508843"}
2023-09-22 04:04:56 info: SSA API METHOD /api/mobile_otp/verify
2023-09-22 04:04:56 info: OTP Verify: "Tries added [object Promise]"
2023-09-22 04:04:56 info: SSA SUCCESS RESPONSE {"completed_in":0,"status":1,"message":"Success","session_id":"98f39a55-3e7f-4dfc-b8f9-a1fca8fb7a33","request_id":"","ts":"2023-09-22 4:4:56","results":"Tries added [object Promise]"}
2023-09-22 04:05:13 info: ------------------------------------------
2023-09-22 04:05:13 info: SSA POST DATA {"debug":"1","version":"4","user_id":"devej1469","device_id":"860119042347473","mobileno":"639465221959","otp_code":"508843"}
2023-09-22 04:05:13 info: SSA API METHOD /api/mobile_otp/verify
2023-09-22 04:05:13 info: SSA SUCCESS RESPONSE {"completed_in":0,"status":1,"message":"Success","session_id":"1d4cff41-a368-4fb5-87c3-2fba80255002","request_id":"","ts":"2023-09-22 4:5:13","results":"You have exceeded the maximum limit of tries, your account has been locked."}
2023-09-22 04:05:13 info: OTP Verify: "You have exceeded the maximum limit of tries, your account has been locked."
2023-09-22 04:05:21 info: ------------------------------------------
2023-09-22 04:05:21 info: SSA POST DATA {"debug":"1","version":"4","user_id":"devej1469","device_id":"860119042347473","mobileno":"639465221959","otp_code":"508843"}
2023-09-22 04:05:21 info: SSA API METHOD /api/mobile_otp/verify
2023-09-22 04:05:21 info: OTP Verify: "You have exceeded the maximum limit of tries, your account has been locked."
2023-09-22 04:05:21 info: SSA SUCCESS RESPONSE {"completed_in":0,"status":1,"message":"Success","session_id":"87c69c00-2f00-463d-9120-a5915950f937","request_id":"","ts":"2023-09-22 4:5:21","results":"You have exceeded the maximum limit of tries, your account has been locked."}
2023-09-22 04:05:38 info: ------------------------------------------
2023-09-22 04:05:38 info: SSA POST DATA {"debug":"1","version":"4","user_id":"devej1469","device_id":"860119042347473","mobileno":"639465221959","otp_code":"508843"}
2023-09-22 04:05:38 info: SSA API METHOD /api/mobile_otp/verify
2023-09-22 04:05:38 info: OTP Verify: 4
2023-09-22 04:05:38 info: SSA SUCCESS RESPONSE {"completed_in":0,"status":1,"message":"Success","session_id":"3ef9a8d7-38ad-4cdb-9313-4984add411d1","request_id":"","ts":"2023-09-22 4:5:38","results":4}
2023-09-22 04:06:08 info: ------------------------------------------
2023-09-22 04:06:08 info: SSA POST DATA {"debug":"1","version":"4","user_id":"devej1469","device_id":"860119042347473","mobileno":"639465221959","otp_code":"508843"}
2023-09-22 04:06:08 info: SSA API METHOD /api/mobile_otp/verify
2023-09-22 04:06:08 info: OTP Verify: "Tries added 1"
2023-09-22 04:06:08 info: SSA SUCCESS RESPONSE {"completed_in":0,"status":1,"message":"Success","session_id":"f08f1ff6-f25c-4ea4-9062-b556183c655d","request_id":"","ts":"2023-09-22 4:6:8","results":"Tries added 1"}
2023-09-22 04:06:12 info: SSA POST DATA {"debug":"1","version":"4","user_id":"devej1469","device_id":"860119042347473","mobileno":"639465221959","otp_code":"508843"}
2023-09-22 04:06:12 info: ------------------------------------------
2023-09-22 04:06:12 info: SSA API METHOD /api/mobile_otp/verify
2023-09-22 04:06:12 info: SSA SUCCESS RESPONSE {"completed_in":0,"status":1,"message":"Success","session_id":"6b38a605-ee07-47d7-87ff-3d637a76a3f5","request_id":"","ts":"2023-09-22 4:6:12","results":"Tries added 2"}
2023-09-22 04:06:12 info: OTP Verify: "Tries added 2"
2023-09-22 04:06:27 info: ------------------------------------------
2023-09-22 04:06:27 info: SSA API METHOD /api/mobile_otp/verify
2023-09-22 04:06:27 info: SSA POST DATA {"debug":"1","version":"4","user_id":"devej1469","device_id":"860119042347473","mobileno":"639465221959","otp_code":"508843"}
2023-09-22 04:06:27 info: OTP Verify: "Tries added 3"
2023-09-22 04:06:27 info: SSA SUCCESS RESPONSE {"completed_in":0,"status":1,"message":"Success","session_id":"b5f02db2-a120-4261-9032-fb31f1d51713","request_id":"","ts":"2023-09-22 4:6:27","results":"Tries added 3"}
2023-09-22 04:06:31 info: SSA POST DATA {"debug":"1","version":"4","user_id":"devej1469","device_id":"860119042347473","mobileno":"639465221959","otp_code":"508843"}
2023-09-22 04:06:31 info: ------------------------------------------
2023-09-22 04:06:31 info: SSA API METHOD /api/mobile_otp/verify
2023-09-22 04:06:31 info: OTP Verify: "You have exceeded the maximum limit of tries, your account has been locked."
2023-09-22 04:06:31 info: SSA SUCCESS RESPONSE {"completed_in":0,"status":1,"message":"Success","session_id":"04a101b6-714a-4e6a-909b-b1efcf1d155e","request_id":"","ts":"2023-09-22 4:6:31","results":"You have exceeded the maximum limit of tries, your account has been locked."}
2023-09-22 05:09:59 info: ------------------------------------------
2023-09-22 05:09:59 info: SSA POST DATA {"debug":"1","version":"4","user_id":"devej1469","device_id":"860119042347473","mobileno":"639465221959","otp_code":"508843"}
2023-09-22 05:09:59 info: SSA API METHOD /api/mobile_otp/verify
2023-09-22 05:09:59 info: OTP Verify: "You have exceeded the maximum limit of tries, your account has been locked."
2023-09-22 05:09:59 info: SSA SUCCESS RESPONSE {"completed_in":0,"status":1,"message":"Success","session_id":"bfc48aed-229f-4fda-8e2c-88b78d6450e6","request_id":"","ts":"2023-09-22 5:9:59","results":"You have exceeded the maximum limit of tries, your account has been locked."}
2023-09-22 05:10:12 info: ------------------------------------------
2023-09-22 05:10:12 info: SSA API METHOD /api/mobile_otp/verify
2023-09-22 05:10:12 info: SSA POST DATA {"debug":"1","version":"4","user_id":"devej1469","device_id":"860119042347473","mobileno":"639465221959","otp_code":"508843"}
2023-09-22 05:10:12 info: OTP Verify: "Not expired"
2023-09-22 05:10:12 info: SSA SUCCESS RESPONSE {"completed_in":0,"status":1,"message":"Success","session_id":"a58b6ac4-26f7-4934-b436-2c2f03127080","request_id":"","ts":"2023-09-22 5:10:12","results":"Not expired"}
2023-09-22 05:11:30 info: ------------------------------------------
2023-09-22 05:11:31 info: SSA POST DATA {"debug":"1","version":"4","user_id":"devej1469","device_id":"860119042347473","mobileno":"639465221959","otp_code":"508843"}
2023-09-22 05:11:31 info: SSA API METHOD /api/mobile_otp/verify
2023-09-22 05:11:31 info: SSA SUCCESS RESPONSE {"completed_in":0,"status":1,"message":"Success","session_id":"7ff639e8-5376-4105-9d98-f0d1bc5b60c3","request_id":"","ts":"2023-09-22 5:11:31","results":"Not expired"}
2023-09-22 05:11:31 info: OTP Verify: "Not expired"
2023-09-22 05:12:29 info: ------------------------------------------
2023-09-22 05:12:29 info: SSA API METHOD /api/mobile_otp/verify
2023-09-22 05:12:29 info: SSA POST DATA {"debug":"1","version":"4","user_id":"devej1469","device_id":"860119042347473","mobileno":"639465221959","otp_code":"508843"}
2023-09-22 05:12:29 info: OTP Verify: "Not expired"
2023-09-22 05:12:29 info: SSA SUCCESS RESPONSE {"completed_in":0,"status":1,"message":"Success","session_id":"c3070361-2e3d-4c7c-af58-1625a8aeb42d","request_id":"","ts":"2023-09-22 5:12:29","results":"Not expired"}
2023-09-22 05:13:57 info: ------------------------------------------
2023-09-22 05:13:57 info: SSA POST DATA {"debug":"1","version":"4","user_id":"devej1469","device_id":"860119042347473","mobileno":"639465221959","otp_code":"508843"}
2023-09-22 05:13:57 info: SSA API METHOD /api/mobile_otp/verify
2023-09-22 05:13:58 info: SSA SUCCESS RESPONSE {"completed_in":0,"status":1,"message":"Success","session_id":"ebd21eac-fc48-4590-9cc1-0f1892d5a320","request_id":"","ts":"2023-09-22 5:13:58","results":"Not expired"}
2023-09-22 05:13:58 info: OTP Verify: "Not expired"
2023-09-22 05:13:59 info: SSA POST DATA {"debug":"1","version":"4","user_id":"devej1469","device_id":"860119042347473","mobileno":"639465221959","otp_code":"508843"}
2023-09-22 05:13:59 info: ------------------------------------------
2023-09-22 05:13:59 info: SSA API METHOD /api/mobile_otp/verify
2023-09-22 05:14:00 info: OTP Verify: "Not expired"
2023-09-22 05:14:00 info: SSA SUCCESS RESPONSE {"completed_in":0,"status":1,"message":"Success","session_id":"d812ebb6-e332-41a8-a20c-919a14f5cff6","request_id":"","ts":"2023-09-22 5:14:0","results":"Not expired"}
2023-09-22 05:14:45 info: ------------------------------------------
2023-09-22 05:14:45 info: SSA POST DATA {"debug":"1","version":"4","user_id":"devej1469","device_id":"860119042347473","mobileno":"639465221959","otp_code":"508843"}
2023-09-22 05:14:45 info: SSA API METHOD /api/mobile_otp/verify
2023-09-22 05:14:45 info: OTP Verify: "You have exceeded the maximum limit of tries, your account has been locked."
2023-09-22 05:14:45 info: SSA SUCCESS RESPONSE {"completed_in":0,"status":1,"message":"Success","session_id":"7e69ac53-fa9a-4966-8d3a-83d8b442aced","request_id":"","ts":"2023-09-22 5:14:45","results":"You have exceeded the maximum limit of tries, your account has been locked."}
2023-09-22 05:14:53 info: SSA POST DATA {"debug":"1","version":"4","user_id":"devej1469","device_id":"860119042347473","mobileno":"639465221959","otp_code":"508843"}
2023-09-22 05:14:53 info: ------------------------------------------
2023-09-22 05:14:53 info: SSA API METHOD /api/mobile_otp/verify
2023-09-22 05:14:53 info: SSA SUCCESS RESPONSE {"completed_in":0,"status":1,"message":"Success","session_id":"5f87f370-3741-4d5b-b5ea-f56dc5641213","request_id":"","ts":"2023-09-22 5:14:53"}
2023-09-22 05:14:58 info: SSA POST DATA {"debug":"1","version":"4","user_id":"devej1469","device_id":"860119042347473","mobileno":"639465221959","otp_code":"508843"}
2023-09-22 05:14:58 info: ------------------------------------------
2023-09-22 05:14:58 info: SSA API METHOD /api/mobile_otp/verify
2023-09-22 05:14:58 info: SSA SUCCESS RESPONSE {"completed_in":0,"status":1,"message":"Success","session_id":"755c84de-351b-4f34-a8cb-ecc6b623ac22","request_id":"","ts":"2023-09-22 5:14:58"}
2023-09-22 05:15:24 info: ------------------------------------------
2023-09-22 05:15:24 info: SSA POST DATA {"debug":"1","version":"4","user_id":"devej1469","device_id":"860119042347473","mobileno":"639465221959","otp_code":"508843"}
2023-09-22 05:15:24 info: SSA API METHOD /api/mobile_otp/verify
2023-09-22 05:15:24 info: POST {"user_id":"devej1469","mobile_no":"639465221959","code":"508843"}
2023-09-22 05:15:24 info: SSA SUCCESS RESPONSE {"completed_in":0,"status":1,"message":"Success","session_id":"9a29a102-3b92-4ed7-80fc-dc75db1c83f6","request_id":"","ts":"2023-09-22 5:15:24"}
2023-09-22 05:15:47 info: ------------------------------------------
2023-09-22 05:15:47 info: SSA POST DATA {"debug":"1","version":"4","user_id":"devej1469","device_id":"860119042347473","mobileno":"639465221959","otp_code":"837879"}
2023-09-22 05:15:47 info: SSA API METHOD /api/mobile_otp/verify
2023-09-22 05:15:47 info: OTP Verify: "You have exceeded the maximum limit of tries, your account has been locked."
2023-09-22 05:15:47 info: SSA SUCCESS RESPONSE {"completed_in":0,"status":1,"message":"Success","session_id":"ed972ea8-fb5a-488c-b71d-b28a23abf3b0","request_id":"","ts":"2023-09-22 5:15:47","results":"You have exceeded the maximum limit of tries, your account has been locked."}
2023-09-22 05:15:54 info: SSA API METHOD /api/mobile_otp/verify
2023-09-22 05:15:54 info: SSA POST DATA {"debug":"1","version":"4","user_id":"devej1469","device_id":"860119042347473","mobileno":"639465221959","otp_code":"837879"}
2023-09-22 05:15:54 info: ------------------------------------------
2023-09-22 05:15:54 info: POST {"user_id":"devej1469","mobile_no":"639465221959","code":"837879"}
2023-09-22 05:15:54 info: OTP Verify: [{"status":1}]
2023-09-22 05:15:54 info: SSA SUCCESS RESPONSE {"completed_in":0,"status":1,"message":"Success","session_id":"eff1fbba-a6ef-4c92-8459-010c98c043b1","request_id":"","ts":"2023-09-22 5:15:54","results":[{"status":1}]}
2023-09-22 05:30:23 info: SSA POST DATA {"debug":"1","version":"4","user_id":"devej1469","device_id":"860119042347473","mobileno":"639465221959","otp_code":"837879"}
2023-09-22 05:30:23 info: SSA API METHOD /api/mobile_otp/verify
2023-09-22 05:30:23 info: ------------------------------------------
2023-09-22 05:30:24 info: OTP Verify: "This OTP has already expired. Your account will be locked after 3 incorrect tries. \n Number of tries: 2"
2023-09-22 05:30:24 info: SSA SUCCESS RESPONSE {"completed_in":0,"status":1,"message":"Success","session_id":"6377121b-b70a-419f-9a6c-ece9dd6dd6e0","request_id":"","ts":"2023-09-22 5:30:24","results":"This OTP has already expired. Your account will be locked after 3 incorrect tries. \n Number of tries: 2"}
2023-09-22 05:30:55 info: SSA POST DATA {"debug":"1","version":"4","user_id":"devej1469","device_id":"860119042347473","mobileno":"639465221959","otp_code":"837879"}
2023-09-22 05:30:55 info: ------------------------------------------
2023-09-22 05:30:55 info: SSA API METHOD /api/mobile_otp/verify
2023-09-22 05:30:55 info: OTP Verify: "You have exceeded the maximum limit of tries, your account has been locked."
2023-09-22 05:30:55 info: SSA SUCCESS RESPONSE {"completed_in":0,"status":1,"message":"Success","session_id":"b55477b8-8b17-46f5-9a0e-506b273b90ec","request_id":"","ts":"2023-09-22 5:30:55","results":"You have exceeded the maximum limit of tries, your account has been locked."}
2023-09-22 05:31:04 info: SSA POST DATA {"debug":"1","version":"4","user_id":"devej1469","device_id":"860119042347473","mobileno":"639465221959","otp_code":"837879"}
2023-09-22 05:31:04 info: SSA API METHOD /api/mobile_otp/verify
2023-09-22 05:31:04 info: ------------------------------------------
2023-09-22 05:31:04 info: SSA SUCCESS RESPONSE {"completed_in":0,"status":1,"message":"Success","session_id":"696d4182-7e87-4cb3-8e4c-bcadc289e0f1","request_id":"","ts":"2023-09-22 5:31:4","results":"This OTP has already expired. Your account will be locked after 3 incorrect tries. \n Number of tries: 1"}
2023-09-22 05:31:04 info: OTP Verify: "This OTP has already expired. Your account will be locked after 3 incorrect tries. \n Number of tries: 1"
2023-09-22 05:31:50 info: ------------------------------------------
2023-09-22 05:31:50 info: SSA API METHOD /api/mobile_otp/verify
2023-09-22 05:31:50 info: SSA POST DATA {"debug":"1","version":"4","user_id":"devej1469","device_id":"860119042347473","mobileno":"639465221959","otp_code":"837879"}
2023-09-22 05:31:50 info: SSA SUCCESS RESPONSE {"completed_in":0,"status":1,"message":"Success","session_id":"02f91efc-3413-4de2-a503-3e90af63237a","request_id":"","ts":"2023-09-22 5:31:50","results":"This OTP has already expired. Your account will be locked after 3 incorrect tries. \n Number of tries: 2"}
2023-09-22 05:31:50 info: OTP Verify: "This OTP has already expired. Your account will be locked after 3 incorrect tries. \n Number of tries: 2"
2023-09-22 05:32:16 info: ------------------------------------------
2023-09-22 05:32:16 info: SSA API METHOD /api/mobile_otp/verify
2023-09-22 05:32:16 info: SSA POST DATA {"debug":"1","version":"4","user_id":"devej1469","device_id":"860119042347473","mobileno":"639465221959","otp_code":"837879"}
2023-09-22 05:32:16 info: OTP Verify: "You have exceeded the maximum limit of tries, your account has been locked."
2023-09-22 05:32:16 info: SSA SUCCESS RESPONSE {"completed_in":0,"status":1,"message":"Success","session_id":"fdcba89d-f241-4677-b703-ff9bc98a861d","request_id":"","ts":"2023-09-22 5:32:16","results":"You have exceeded the maximum limit of tries, your account has been locked."}
2023-09-22 05:32:49 info: ------------------------------------------
2023-09-22 05:32:49 info: SSA POST DATA {"debug":"1","version":"4","user_id":"devej1469","device_id":"860119042347473","mobileno":"639465221959","otp_code":"837879"}
2023-09-22 05:32:49 info: SSA API METHOD /api/mobile_otp/verify
2023-09-22 05:32:50 info: OTP Verify: "This OTP222 has already expired. Your account will be locked after 3 incorrect tries. \n Number of tries: 1"
2023-09-22 05:32:50 info: SSA SUCCESS RESPONSE {"completed_in":0,"status":1,"message":"Success","session_id":"961505a0-af1a-46f9-9c98-703d85a58aff","request_id":"","ts":"2023-09-22 5:32:50","results":"This OTP222 has already expired. Your account will be locked after 3 incorrect tries. \n Number of tries: 1"}
2023-09-22 05:34:01 info: SSA API METHOD /api/mobile_otp/verify
2023-09-22 05:34:01 info: SSA POST DATA {"debug":"1","version":"4","user_id":"devej1469","device_id":"860119042347473","mobileno":"639465221959","otp_code":"837879"}
2023-09-22 05:34:01 info: ------------------------------------------
2023-09-22 05:34:01 info: SSA SUCCESS RESPONSE {"completed_in":0,"status":1,"message":"Success","session_id":"5f32e4e9-21b4-4fc7-b5f2-36b8d5ee0a71","request_id":"","ts":"2023-09-22 5:34:1","results":"The OTP333 you have entered is invalid. Your account will be locked after 3 incorrect tries. \n Number of tries: 2"}
2023-09-22 05:34:01 info: OTP Verify: "The OTP333 you have entered is invalid. Your account will be locked after 3 incorrect tries. \n Number of tries: 2"
2023-09-22 05:35:51 info: ------------------------------------------
2023-09-22 05:35:51 info: SSA POST DATA {"debug":"1","version":"4","user_id":"devej1469","device_id":"860119042347473","mobileno":"639465221959","otp_code":"837879"}
2023-09-22 05:35:51 info: SSA API METHOD /api/mobile_otp/verify
2023-09-22 05:35:51 info: OTP Verify: "You have exceeded the maximum limit of tries, your account has been locked."
2023-09-22 05:35:51 info: SSA SUCCESS RESPONSE {"completed_in":0,"status":1,"message":"Success","session_id":"49df3880-95ac-4778-ac0e-d8671555892c","request_id":"","ts":"2023-09-22 5:35:51","results":"You have exceeded the maximum limit of tries, your account has been locked."}
2023-09-22 05:36:03 info: ------------------------------------------
2023-09-22 05:36:03 info: SSA API METHOD /api/mobile_otp/verify
2023-09-22 05:36:03 info: SSA POST DATA {"debug":"1","version":"4","user_id":"devej1469","device_id":"860119042347473","mobileno":"639465221959","otp_code":"837879"}
2023-09-22 05:36:03 info: OTP Verify: "The OTP333 you have entered is invalid. Your account will be locked after 3 incorrect tries. \n Number of tries: 1"
2023-09-22 05:36:03 info: SSA SUCCESS RESPONSE {"completed_in":0,"status":1,"message":"Success","session_id":"9954f020-a1c6-441b-bcc5-dd5b1bec06d4","request_id":"","ts":"2023-09-22 5:36:3","results":"The OTP333 you have entered is invalid. Your account will be locked after 3 incorrect tries. \n Number of tries: 1"}
2023-09-22 05:38:33 info: ------------------------------------------
2023-09-22 05:38:33 info: SSA POST DATA {"debug":"1","version":"4","user_id":"devej1469","device_id":"860119042347473","mobileno":"639465221959","otp_code":"837879"}
2023-09-22 05:38:33 info: SSA API METHOD /api/mobile_otp/verify
2023-09-22 05:40:42 info: ------------------------------------------
2023-09-22 05:40:42 info: SSA API METHOD /api/mobile_otp/verify
2023-09-22 05:40:42 info: SSA POST DATA {"debug":"1","version":"4","user_id":"devej1469","device_id":"860119042347473","mobileno":"639465221959","otp_code":"837879"}
2023-09-22 05:41:25 info: ------------------------------------------
2023-09-22 05:41:25 info: SSA API METHOD /api/mobile_otp/verify
2023-09-22 05:41:25 info: SSA POST DATA {"debug":"1","version":"4","user_id":"devej1469","device_id":"860119042347473","mobileno":"639465221959","otp_code":"837879"}
2023-09-22 05:42:56 info: ------------------------------------------
2023-09-22 05:42:56 info: SSA API METHOD /api/mobile_otp/verify
2023-09-22 05:42:56 info: SSA POST DATA {"debug":"1","version":"4","user_id":"devej1469","device_id":"860119042347473","mobileno":"639465221959","otp_code":"837879"}
2023-09-22 05:42:56 info: SSA SUCCESS RESPONSE {"completed_in":0,"status":1,"message":"Success","session_id":"22941cf5-d27f-4944-a6bb-a0213af3a5d2","request_id":"","ts":"2023-09-22 5:42:56"}
2023-09-22 05:43:25 info: ------------------------------------------
2023-09-22 05:43:25 info: SSA POST DATA {"debug":"1","version":"4","user_id":"devej1469","device_id":"860119042347473","mobileno":"639465221959","otp_code":"837879"}
2023-09-22 05:43:25 info: SSA API METHOD /api/mobile_otp/verify
2023-09-22 05:43:25 info: SSA SUCCESS RESPONSE {"completed_in":0,"status":1,"message":"Success","session_id":"e8f94656-31db-4a79-9ff4-28c5f8a53161","request_id":"","ts":"2023-09-22 5:43:25","results":"CHECK"}
2023-09-22 05:43:25 info: OTP Verify: "CHECK"
2023-09-22 05:43:36 info: ------------------------------------------
2023-09-22 05:43:36 info: SSA API METHOD /api/mobile_otp/verify
2023-09-22 05:43:36 info: SSA POST DATA {"debug":"1","version":"4","user_id":"devej1469","device_id":"860119042347473","mobileno":"639465221959","otp_code":"837879"}
2023-09-22 05:43:36 info: SSA SUCCESS RESPONSE {"completed_in":0,"status":1,"message":"Success","session_id":"b2842447-1dc0-4e28-acea-585526ca8eec","request_id":"","ts":"2023-09-22 5:43:36"}
2023-09-22 05:43:51 info: ------------------------------------------
2023-09-22 05:43:51 info: SSA POST DATA {"debug":"1","version":"4","user_id":"devej1469","device_id":"860119042347473","mobileno":"639465221959","otp_code":"837879"}
2023-09-22 05:43:51 info: SSA API METHOD /api/mobile_otp/verify
2023-09-22 05:43:51 info: SSA SUCCESS RESPONSE {"completed_in":0,"status":1,"message":"Success","session_id":"42429d93-7c41-4c2b-b756-c62c898fee73","request_id":"","ts":"2023-09-22 5:43:51"}
2023-09-22 05:44:31 info: ------------------------------------------
2023-09-22 05:44:31 info: SSA POST DATA {"debug":"1","version":"4","user_id":"devej1469","device_id":"860119042347473","mobileno":"639465221959","otp_code":"837879"}
2023-09-22 05:44:31 info: SSA API METHOD /api/mobile_otp/verify
2023-09-22 05:44:31 info: OTP Verify: "false"
2023-09-22 05:44:31 info: SSA SUCCESS RESPONSE {"completed_in":0,"status":1,"message":"Success","session_id":"fbdfa5cb-f82b-4afe-a30f-803fed676345","request_id":"","ts":"2023-09-22 5:44:31","results":"false"}
2023-09-22 05:45:48 info: ------------------------------------------
2023-09-22 05:45:48 info: SSA POST DATA {"debug":"1","version":"4","user_id":"devej1469","device_id":"860119042347473","mobileno":"639465221959","otp_code":"837879"}
2023-09-22 05:45:48 info: SSA API METHOD /api/mobile_otp/verify
2023-09-22 05:45:48 info: OTP Verify: "false"
2023-09-22 05:45:48 info: SSA SUCCESS RESPONSE {"completed_in":0,"status":1,"message":"Success","session_id":"b621c1ec-3256-48ce-95ed-0c35e60b3bdf","request_id":"","ts":"2023-09-22 5:45:48","results":"false"}
2023-09-22 05:45:51 info: ------------------------------------------
2023-09-22 05:45:51 info: SSA POST DATA {"debug":"1","version":"4","user_id":"devej1469","device_id":"860119042347473","mobileno":"639465221959","otp_code":"837879"}
2023-09-22 05:45:51 info: SSA API METHOD /api/mobile_otp/verify
2023-09-22 05:45:51 info: OTP Verify: "false"
2023-09-22 05:45:51 info: SSA SUCCESS RESPONSE {"completed_in":0,"status":1,"message":"Success","session_id":"f758cba7-5bec-4c99-af38-a53c73f8b431","request_id":"","ts":"2023-09-22 5:45:51","results":"false"}
2023-09-22 05:45:52 info: ------------------------------------------
2023-09-22 05:45:52 info: SSA API METHOD /api/mobile_otp/verify
2023-09-22 05:45:52 info: SSA POST DATA {"debug":"1","version":"4","user_id":"devej1469","device_id":"860119042347473","mobileno":"639465221959","otp_code":"837879"}
2023-09-22 05:45:52 info: OTP Verify: "false"
2023-09-22 05:45:52 info: SSA SUCCESS RESPONSE {"completed_in":0,"status":1,"message":"Success","session_id":"5d90af06-670d-427e-a6c8-2d006b6a7731","request_id":"","ts":"2023-09-22 5:45:52","results":"false"}
2023-09-22 05:45:53 info: SSA POST DATA {"debug":"1","version":"4","user_id":"devej1469","device_id":"860119042347473","mobileno":"639465221959","otp_code":"837879"}
2023-09-22 05:45:53 info: ------------------------------------------
2023-09-22 05:45:53 info: SSA API METHOD /api/mobile_otp/verify
2023-09-22 05:45:53 info: SSA SUCCESS RESPONSE {"completed_in":0,"status":1,"message":"Success","session_id":"9a9cc245-77fa-481a-89f7-b9d3d559b6e0","request_id":"","ts":"2023-09-22 5:45:53","results":"false"}
2023-09-22 05:45:53 info: OTP Verify: "false"
2023-09-22 05:46:21 info: ------------------------------------------
2023-09-22 05:46:21 info: SSA POST DATA {"debug":"1","version":"4","user_id":"devej1469","device_id":"860119042347473","mobileno":"639465221959","otp_code":"837879"}
2023-09-22 05:46:21 info: SSA API METHOD /api/mobile_otp/verify
2023-09-22 05:46:21 info: OTP Verify: []
2023-09-22 05:46:21 info: SSA SUCCESS RESPONSE {"completed_in":0,"status":1,"message":"Success","session_id":"55a92159-aebe-4dc1-9d4f-0d727a24ca57","request_id":"","ts":"2023-09-22 5:46:21","results":[]}
2023-09-22 05:48:38 info: ------------------------------------------
2023-09-22 05:48:38 info: SSA POST DATA {"debug":"1","version":"4","user_id":"devej1469","device_id":"860119042347473","mobileno":"639465221959","otp_code":"837879"}
2023-09-22 05:48:38 info: SSA API METHOD /api/mobile_otp/verify
2023-09-22 05:48:38 info: OTP Verify: []
2023-09-22 05:48:38 info: SSA SUCCESS RESPONSE {"completed_in":0,"status":1,"message":"Success","session_id":"c790f50d-c30b-4226-a6b1-992c5b3e82c8","request_id":"","ts":"2023-09-22 5:48:38","results":[]}
2023-09-22 05:50:14 info: ------------------------------------------
2023-09-22 05:50:14 info: SSA POST DATA {"debug":"1","version":"4","user_id":"devej1469","device_id":"860119042347473","mobileno":"639465221959","otp_code":"837879"}
2023-09-22 05:50:14 info: SSA API METHOD /api/mobile_otp/verify
2023-09-22 05:50:14 info: OTP Verify: []
2023-09-22 05:50:14 info: SSA SUCCESS RESPONSE {"completed_in":0,"status":1,"message":"Success","session_id":"04e5254c-6978-4141-ac5f-c390969827e4","request_id":"","ts":"2023-09-22 5:50:14","results":[]}
2023-09-22 05:50:17 info: SSA POST DATA {"debug":"1","version":"4","user_id":"devej1469","device_id":"860119042347473","mobileno":"639465221959","otp_code":"837879"}
2023-09-22 05:50:17 info: SSA API METHOD /api/mobile_otp/verify
2023-09-22 05:50:17 info: ------------------------------------------
2023-09-22 05:50:17 info: OTP Verify: []
2023-09-22 05:50:17 info: SSA SUCCESS RESPONSE {"completed_in":0,"status":1,"message":"Success","session_id":"a8ab2cea-686c-4b05-89aa-dedecf63de5c","request_id":"","ts":"2023-09-22 5:50:17","results":[]}
2023-09-22 05:50:19 info: ------------------------------------------
2023-09-22 05:50:19 info: SSA POST DATA {"debug":"1","version":"4","user_id":"devej1469","device_id":"860119042347473","mobileno":"639465221959","otp_code":"837879"}
2023-09-22 05:50:19 info: SSA API METHOD /api/mobile_otp/verify
2023-09-22 05:50:19 info: SSA SUCCESS RESPONSE {"completed_in":0,"status":1,"message":"Success","session_id":"603caebf-2632-4860-b67f-59c480ecc4c8","request_id":"","ts":"2023-09-22 5:50:19","results":[]}
2023-09-22 05:50:19 info: OTP Verify: []
2023-09-22 05:50:50 info: SSA POST DATA {"debug":"1","version":"4","user_id":"devej1469","device_id":"860119042347473","mobileno":"639465221959","otp_code":"837879"}
2023-09-22 05:50:50 info: ------------------------------------------
2023-09-22 05:50:50 info: SSA API METHOD /api/mobile_otp/verify
2023-09-22 05:50:50 info: EXPIRATION []
2023-09-22 05:50:50 info: SSA SUCCESS RESPONSE {"completed_in":0,"status":1,"message":"Success","session_id":"943c9cfa-efa1-41ef-b078-a4335a52e7a4","request_id":"","ts":"2023-09-22 5:50:50"}
2023-09-22 05:50:55 info: ------------------------------------------
2023-09-22 05:50:55 info: SSA POST DATA {"debug":"1","version":"4","user_id":"devej1469","device_id":"860119042347473","mobileno":"639465221959","otp_code":"837879"}
2023-09-22 05:50:55 info: SSA API METHOD /api/mobile_otp/verify
2023-09-22 05:50:55 info: EXPIRATION []
2023-09-22 05:50:55 info: SSA SUCCESS RESPONSE {"completed_in":0,"status":1,"message":"Success","session_id":"b6a42b77-6169-49f9-bad9-cb25b62675da","request_id":"","ts":"2023-09-22 5:50:55"}
2023-09-22 05:50:56 info: SSA POST DATA {"debug":"1","version":"4","user_id":"devej1469","device_id":"860119042347473","mobileno":"639465221959","otp_code":"837879"}
2023-09-22 05:50:56 info: ------------------------------------------
2023-09-22 05:50:56 info: SSA API METHOD /api/mobile_otp/verify
2023-09-22 05:50:56 info: EXPIRATION []
2023-09-22 05:50:56 info: SSA SUCCESS RESPONSE {"completed_in":0,"status":1,"message":"Success","session_id":"79a4b926-5a45-44c6-aa7a-5afe238311b6","request_id":"","ts":"2023-09-22 5:50:56"}
2023-09-22 05:51:55 info: ------------------------------------------
2023-09-22 05:51:55 info: SSA POST DATA {"debug":"1","version":"4","user_id":"devej1469","device_id":"860119042347473","mobileno":"639465221959","otp_code":"837879"}
2023-09-22 05:51:55 info: SSA API METHOD /api/mobile_otp/verify
2023-09-22 05:51:55 info: EXPIRATION44 []
2023-09-22 05:51:55 info: SSA SUCCESS RESPONSE {"completed_in":0,"status":1,"message":"Success","session_id":"64a9729d-aaa1-4bc9-bf51-896ce1e6add6","request_id":"","ts":"2023-09-22 5:51:55"}
2023-09-22 05:52:10 info: ------------------------------------------
2023-09-22 05:52:10 info: SSA POST DATA {"debug":"1","version":"4","user_id":"devej1469","device_id":"860119042347473","mobileno":"639465221959","otp_code":"837879"}
2023-09-22 05:52:10 info: SSA API METHOD /api/mobile_otp/verify
2023-09-22 05:52:10 info: EXPIRATION [{"status":1}]
2023-09-22 05:52:10 info: ERROR {}
2023-09-22 05:52:10 info: SSA SUCCESS RESPONSE {"completed_in":0,"status":1,"message":"Success","session_id":"e44c38bb-8a32-4e79-b73b-63ed88d986c4","request_id":"","ts":"2023-09-22 5:52:10","results":true}
2023-09-22 05:52:10 info: OTP Verify: true
2023-09-22 05:52:56 info: ------------------------------------------
2023-09-22 05:52:56 info: SSA API METHOD /api/mobile_otp/verify
2023-09-22 05:52:56 info: SSA POST DATA {"debug":"1","version":"4","user_id":"devej1469","device_id":"860119042347473","mobileno":"639465221959","otp_code":"837879"}
2023-09-22 05:52:56 info: OTP Verify: "You have exceeded the maximum limit of tries, your account has been locked."
2023-09-22 05:52:56 info: SSA SUCCESS RESPONSE {"completed_in":0,"status":1,"message":"Success","session_id":"bb483f0a-4d94-41a5-b608-ceeefc68840a","request_id":"","ts":"2023-09-22 5:52:56","results":"You have exceeded the maximum limit of tries, your account has been locked."}
2023-09-22 05:53:08 info: SSA POST DATA {"debug":"1","version":"4","user_id":"devej1469","device_id":"860119042347473","mobileno":"639465221959","otp_code":"837879"}
2023-09-22 05:53:08 info: ------------------------------------------
2023-09-22 05:53:08 info: SSA API METHOD /api/mobile_otp/verify
2023-09-22 05:53:08 info: OTP Verify: "This OTP222 has already expired. Your account will be locked after 3 incorrect tries. \n Number of tries: 1"
2023-09-22 05:53:08 info: SSA SUCCESS RESPONSE {"completed_in":0,"status":1,"message":"Success","session_id":"b92da4cf-5c73-4878-a45a-0c6716b3eb74","request_id":"","ts":"2023-09-22 5:53:8","results":"This OTP222 has already expired. Your account will be locked after 3 incorrect tries. \n Number of tries: 1"}
2023-09-22 05:53:36 info: ------------------------------------------
2023-09-22 05:53:36 info: SSA API METHOD /api/mobile_otp/verify
2023-09-22 05:53:36 info: SSA POST DATA {"debug":"1","version":"4","user_id":"devej1469","device_id":"860119042347473","mobileno":"639465221959","otp_code":"837879"}
2023-09-22 05:53:36 info: OTP Verify: "OTP Successfully Verified."
2023-09-22 05:53:36 info: SSA SUCCESS RESPONSE {"completed_in":0,"status":1,"message":"Success","session_id":"63705af6-7745-4c13-bde8-a6135a7c2bec","request_id":"","ts":"2023-09-22 5:53:36","results":"OTP Successfully Verified."}
2023-09-22 05:53:41 info: SSA POST DATA {"debug":"1","version":"4","user_id":"devej1469","device_id":"860119042347473","mobileno":"639465221959","otp_code":"837879"}
2023-09-22 05:53:41 info: ------------------------------------------
2023-09-22 05:53:41 info: SSA API METHOD /api/mobile_otp/verify
2023-09-22 05:53:41 info: SSA SUCCESS RESPONSE {"completed_in":0,"status":1,"message":"Success","session_id":"83597b88-ffee-4e43-bafd-f8ab3c1e5f52","request_id":"","ts":"2023-09-22 5:53:41","results":"OTP Successfully Verified."}
2023-09-22 05:53:41 info: OTP Verify: "OTP Successfully Verified."
2023-09-22 05:53:42 info: ------------------------------------------
2023-09-22 05:53:42 info: SSA POST DATA {"debug":"1","version":"4","user_id":"devej1469","device_id":"860119042347473","mobileno":"639465221959","otp_code":"837879"}
2023-09-22 05:53:42 info: SSA API METHOD /api/mobile_otp/verify
2023-09-22 05:53:42 info: OTP Verify: "You have exceeded the maximum limit of tries, your account has been locked."
2023-09-22 05:53:42 info: SSA SUCCESS RESPONSE {"completed_in":0,"status":1,"message":"Success","session_id":"5e4bf2a3-76a7-4d5a-ad06-e26d86697b36","request_id":"","ts":"2023-09-22 5:53:42","results":"You have exceeded the maximum limit of tries, your account has been locked."}
2023-09-22 05:53:43 info: SSA API METHOD /api/mobile_otp/verify
2023-09-22 05:53:43 info: SSA POST DATA {"debug":"1","version":"4","user_id":"devej1469","device_id":"860119042347473","mobileno":"639465221959","otp_code":"837879"}
2023-09-22 05:53:43 info: ------------------------------------------
2023-09-22 05:53:43 info: SSA SUCCESS RESPONSE {"completed_in":0,"status":1,"message":"Success","session_id":"8055543a-ada6-470c-8bef-4a77045a9ddc","request_id":"","ts":"2023-09-22 5:53:43","results":"You have exceeded the maximum limit of tries, your account has been locked."}
2023-09-22 05:53:43 info: OTP Verify: "You have exceeded the maximum limit of tries, your account has been locked."
2023-09-22 05:55:17 info: ------------------------------------------
2023-09-22 05:55:17 info: SSA API METHOD /api/mobile_otp/verify
2023-09-22 05:55:17 info: SSA POST DATA {"debug":"1","version":"4","user_id":"devej1469","device_id":"860119042347473","mobileno":"639465221959","otp_code":"837879"}
2023-09-22 05:55:17 info: OTP Verify: "You have exceeded the maximum limit of tries, your account has been locked."
2023-09-22 05:55:17 info: SSA SUCCESS RESPONSE {"completed_in":0,"status":1,"message":"Success","session_id":"a4e14102-61b5-4cf7-adc5-b497fe07bfdd","request_id":"","ts":"2023-09-22 5:55:17","results":"You have exceeded the maximum limit of tries, your account has been locked."}
2023-09-22 05:55:26 info: SSA POST DATA {"debug":"1","version":"4","user_id":"devej1469","device_id":"860119042347473","mobileno":"639465221959","otp_code":"837879"}
2023-09-22 05:55:26 info: ------------------------------------------
2023-09-22 05:55:26 info: SSA API METHOD /api/mobile_otp/verify
2023-09-22 05:55:26 info: SSA SUCCESS RESPONSE {"completed_in":0,"status":1,"message":"Success","session_id":"066a5b85-3dc4-45f1-b559-d9399c3744a8","request_id":"","ts":"2023-09-22 5:55:26","results":"OTP Successfully Verified."}
2023-09-22 05:55:26 info: OTP Verify: "OTP Successfully Verified."
2023-09-22 05:55:49 info: ------------------------------------------
2023-09-22 05:55:49 info: SSA POST DATA {"debug":"1","version":"4","user_id":"devej1469","device_id":"860119042347473","mobileno":"639465221959","otp_code":"837879"}
2023-09-22 05:55:49 info: SSA API METHOD /api/mobile_otp/verify
2023-09-22 05:55:49 info: OTP Verify: "The OTP333 you have entered is invalid. Your account will be locked after 3 incorrect tries. \n Number of tries: 2"
2023-09-22 05:55:49 info: SSA SUCCESS RESPONSE {"completed_in":0,"status":1,"message":"Success","session_id":"3dbe5202-7f2d-4ce1-b422-e42861ec13fc","request_id":"","ts":"2023-09-22 5:55:49","results":"The OTP333 you have entered is invalid. Your account will be locked after 3 incorrect tries. \n Number of tries: 2"}
2023-09-22 05:55:51 info: SSA API METHOD /api/mobile_otp/verify
2023-09-22 05:55:51 info: SSA POST DATA {"debug":"1","version":"4","user_id":"devej1469","device_id":"860119042347473","mobileno":"639465221959","otp_code":"837879"}
2023-09-22 05:55:51 info: ------------------------------------------
2023-09-22 05:55:51 info: OTP Verify: "You have exceeded the maximum limit of tries, your account has been locked."
2023-09-22 05:55:51 info: SSA SUCCESS RESPONSE {"completed_in":0,"status":1,"message":"Success","session_id":"1aecce42-ce57-4e19-8068-2c7b8cca0deb","request_id":"","ts":"2023-09-22 5:55:51","results":"You have exceeded the maximum limit of tries, your account has been locked."}
2023-09-22 05:55:58 info: SSA POST DATA {"debug":"1","version":"4","user_id":"devej1469","device_id":"860119042347473","mobileno":"639465221959","otp_code":"837879"}
2023-09-22 05:55:58 info: SSA API METHOD /api/mobile_otp/verify
2023-09-22 05:55:58 info: ------------------------------------------
2023-09-22 05:55:58 info: SSA SUCCESS RESPONSE {"completed_in":0,"status":1,"message":"Success","session_id":"5851604a-5969-4e48-8afa-0e4e4f20b28a","request_id":"","ts":"2023-09-22 5:55:58","results":"The OTP333 you have entered is invalid. Your account will be locked after 3 incorrect tries. \n Number of tries: 1"}
2023-09-22 05:55:58 info: OTP Verify: "The OTP333 you have entered is invalid. Your account will be locked after 3 incorrect tries. \n Number of tries: 1"
2023-09-22 05:57:13 info: ------------------------------------------
2023-09-22 05:57:13 info: SSA API METHOD /api/mobile_otp/verify
2023-09-22 05:57:13 info: SSA POST DATA {"debug":"1","version":"4","user_id":"devej1469","device_id":"860119042347473","mobileno":"639465221959","otp_code":"837879"}
2023-09-22 05:57:13 info: OTP Verify: "OTP Successfully Verified."
2023-09-22 05:57:13 info: ERROR {}
2023-09-22 05:57:13 info: SSA SUCCESS RESPONSE {"completed_in":0,"status":1,"message":"Success","session_id":"9121886f-4a8a-4484-a0f8-d3359a860423","request_id":"","ts":"2023-09-22 5:57:13","results":"OTP Successfully Verified."}
2023-09-22 05:57:22 info: ------------------------------------------
2023-09-22 05:57:22 info: SSA POST DATA {"debug":"1","version":"4","user_id":"devej1469","device_id":"860119042347473","mobileno":"639465221959","otp_code":"837879"}
2023-09-22 05:57:22 info: SSA API METHOD /api/mobile_otp/verify
2023-09-22 05:57:22 info: OTP Verify: "OTP Successfully Verified."
2023-09-22 05:57:22 info: SSA SUCCESS RESPONSE {"completed_in":0,"status":1,"message":"Success","session_id":"c43c39c7-f09f-41aa-a2e7-89fd42d8ff6f","request_id":"","ts":"2023-09-22 5:57:22","results":"OTP Successfully Verified."}
2023-09-22 05:57:22 info: ERROR {}
2023-09-22 05:57:30 info: ------------------------------------------
2023-09-22 05:57:30 info: SSA POST DATA {"debug":"1","version":"4","user_id":"devej1469","device_id":"860119042347473","mobileno":"639465221959","otp_code":"837871"}
2023-09-22 05:57:30 info: SSA API METHOD /api/mobile_otp/verify
2023-09-22 05:57:30 info: OTP Verify: "The OTP333 you have entered is invalid. Your account will be locked after 3 incorrect tries. \n Number of tries: 2"
2023-09-22 05:57:30 info: SSA SUCCESS RESPONSE {"completed_in":0,"status":1,"message":"Success","session_id":"606ed4dc-a664-49e0-ae9a-5a6a03c522a6","request_id":"","ts":"2023-09-22 5:57:30","results":"The OTP333 you have entered is invalid. Your account will be locked after 3 incorrect tries. \n Number of tries: 2"}
2023-09-22 05:57:38 info: ------------------------------------------
2023-09-22 05:57:38 info: SSA POST DATA {"debug":"1","version":"4","user_id":"devej1469","device_id":"860119042347473","mobileno":"639465221959","otp_code":"837879"}
2023-09-22 05:57:38 info: SSA API METHOD /api/mobile_otp/verify
2023-09-22 05:57:38 info: ERROR {}
2023-09-22 05:57:38 info: OTP Verify: "OTP Successfully Verified."
2023-09-22 05:57:38 info: SSA SUCCESS RESPONSE {"completed_in":0,"status":1,"message":"Success","session_id":"e99432dd-7a9f-4d83-9260-baec316f1008","request_id":"","ts":"2023-09-22 5:57:38","results":"OTP Successfully Verified."}
2023-09-22 05:58:37 info: ------------------------------------------
2023-09-22 05:58:37 info: SSA POST DATA {"debug":"1","version":"4","user_id":"devej1469","device_id":"860119042347473","mobileno":"639465221959","otp_code":"837879"}
2023-09-22 05:58:37 info: SSA API METHOD /api/mobile_otp/verify
2023-09-22 05:58:37 info: OTP Verify: "You have exceeded the maximum limit of tries, your account has been locked."
2023-09-22 05:58:37 info: SSA SUCCESS RESPONSE {"completed_in":0,"status":1,"message":"Success","session_id":"e0fe7cfd-a0e9-42bc-b252-d84b9098b7fd","request_id":"","ts":"2023-09-22 5:58:37","results":"You have exceeded the maximum limit of tries, your account has been locked."}
2023-09-22 05:58:45 info: ------------------------------------------
2023-09-22 05:58:45 info: SSA API METHOD /api/mobile_otp/verify
2023-09-22 05:58:45 info: SSA POST DATA {"debug":"1","version":"4","user_id":"devej1469","device_id":"860119042347473","mobileno":"639465221959","otp_code":"837879"}
2023-09-22 05:58:45 info: OTP Verify: "OTP Successfully Verified."
2023-09-22 05:58:45 info: SSA SUCCESS RESPONSE {"completed_in":0,"status":1,"message":"Success","session_id":"3029e2d0-8f18-494f-96f3-0fbaa96a2e88","request_id":"","ts":"2023-09-22 5:58:45","results":"OTP Successfully Verified."}
2023-09-22 05:58:45 info: ERROR {}
2023-09-22 05:59:13 info: ------------------------------------------
2023-09-22 05:59:13 info: SSA API METHOD /api/mobile_otp/verify
2023-09-22 05:59:13 info: SSA POST DATA {"debug":"1","version":"4","user_id":"devej1469","device_id":"860119042347473","mobileno":"639465221959","otp_code":"837879"}
2023-09-22 05:59:14 info: SSA SUCCESS RESPONSE {"completed_in":0,"status":1,"message":"Success","session_id":"6d2b889b-05b2-4411-bcfc-38d7a806e19b","request_id":"","ts":"2023-09-22 5:59:14","results":"OTP Successfully Verified."}
2023-09-22 05:59:14 info: ERROR3 {}
2023-09-22 05:59:14 info: OTP Verify: "OTP Successfully Verified."
2023-09-22 05:59:47 info: ------------------------------------------
2023-09-22 05:59:47 info: SSA POST DATA {"debug":"1","version":"4","user_id":"devej1469","device_id":"860119042347473","mobileno":"639465221959","otp_code":"837879"}
2023-09-22 05:59:47 info: SSA API METHOD /api/mobile_otp/verify
2023-09-22 05:59:47 info: OTP Verify: "OTP Successfully Verified."
2023-09-22 05:59:47 info: SSA SUCCESS RESPONSE {"completed_in":0,"status":1,"message":"Success","session_id":"ef5918b7-ca9f-4cb4-a6ad-0492f885823a","request_id":"","ts":"2023-09-22 5:59:47","results":"OTP Successfully Verified."}
2023-09-22 06:10:45 info: ------------------------------------------
2023-09-22 06:10:45 info: SSA POST DATA {"debug":"1","version":"4","user_id":"devej1469","device_id":"860119042347473","mobileno":"639465221959","otp_code":"837879"}
2023-09-22 06:10:45 info: SSA API METHOD /api/mobile_otp/verify
2023-09-22 06:10:45 info: SSA SUCCESS RESPONSE {"completed_in":0,"status":1,"message":"Success","session_id":"c775ffe6-1af0-44c4-a4b2-378aa3d78321","request_id":"","ts":"2023-09-22 6:10:45","results":"You have exceeded the maximum limit of tries, your account has been locked."}
2023-09-22 06:10:45 info: OTP Verify: "You have exceeded the maximum limit of tries, your account has been locked."
2023-09-22 06:11:03 info: ------------------------------------------
2023-09-22 06:11:03 info: SSA API METHOD /api/mobile_otp/verify
2023-09-22 06:11:03 info: SSA POST DATA {"debug":"1","version":"4","user_id":"devej1469","device_id":"860119042347473","mobileno":"639465221959","otp_code":"837879"}
2023-09-22 06:11:03 info: OTP Verify: "OTP Successfully Verified."
2023-09-22 06:11:03 info: SSA SUCCESS RESPONSE {"completed_in":0,"status":1,"message":"Success","session_id":"1620bc09-727d-4c21-8aee-e49cb51e4d54","request_id":"","ts":"2023-09-22 6:11:3","results":"OTP Successfully Verified."}
2023-09-22 06:24:14 info: ------------------------------------------
2023-09-22 06:24:14 info: SSA POST DATA {"debug":"1","version":"4","user_id":"devej1469","device_id":"860119042347473","mobileno":"639465221959","otp_code":"837879"}
2023-09-22 06:24:14 info: SSA API METHOD /api/mobile_otp/verify
2023-09-22 06:24:14 info: OTP Verify: "OTP Successfully Verified."
2023-09-22 06:24:14 info: SSA SUCCESS RESPONSE {"completed_in":0,"status":1,"message":"Success","session_id":"89299ca9-6afd-4ecc-8266-ab2fed3a97e9","request_id":"","ts":"2023-09-22 6:24:14","results":"OTP Successfully Verified."}
2023-09-22 06:28:04 info: ------------------------------------------
2023-09-22 06:28:04 info: SSA POST DATA {"debug":"1","version":"4","user_id":"devej1469","device_id":"860119042347473","mobileno":"639465221959","otp_code":"837879"}
2023-09-22 06:28:04 info: SSA API METHOD /api/mobile_otp/verify
2023-09-22 06:28:37 info: ------------------------------------------
2023-09-22 06:28:37 info: SSA API METHOD /api/mobile_otp/verify
2023-09-22 06:28:37 info: SSA POST DATA {"debug":"1","version":"4","user_id":"devej1469","device_id":"860119042347473","mobileno":"639465221959","otp_code":"837879"}
2023-09-22 06:28:37 info: SSA SUCCESS RESPONSE {"completed_in":0,"status":1,"message":"Success","session_id":"db3b0ae5-cd27-4a21-97e9-f4b68f483f09","request_id":"","ts":"2023-09-22 6:28:37","results":{"message":"OTP Successfully Verified.","data":{"user_id":"devej1469","mobile_no":"639465221959","code":"837879"},"status":"1"}}
2023-09-22 06:28:37 info: OTP Verify: {"message":"OTP Successfully Verified.","data":{"user_id":"devej1469","mobile_no":"639465221959","code":"837879"},"status":"1"}
2023-09-22 06:29:12 info: SSA API METHOD /api/mobile_otp/verify
2023-09-22 06:29:12 info: ------------------------------------------
2023-09-22 06:29:12 info: SSA POST DATA {"debug":"1","version":"4","user_id":"devej1469","device_id":"860119042347473","mobileno":"639465221959","otp_code":"837871"}
2023-09-22 06:29:12 info: OTP Verify: {"message":"The OTP you have entered is invalid. Your account will be locked after 3 incorrect tries. \n Number of tries: 1","data":{"user_id":"devej1469","mobile_no":"639465221959","code":"837871"},"status":"0"}
2023-09-22 06:29:12 info: SSA ERROR RESPONSE
2023-09-22 06:29:12 info: {"completed_in":0,"status":0,"message":"The OTP you have entered is invalid. Your account will be locked after 3 incorrect tries. \n Number of tries: 1","session_id":"46e3344f-34a3-4d8c-b4e7-edd25a598d3a","request_id":"","ts":"2023-09-22 6:29:12"}
2023-09-22 06:29:21 info: SSA POST DATA {"debug":"1","version":"4","user_id":"devej1469","device_id":"860119042347473","mobileno":"639465221959","otp_code":"837878"}
2023-09-22 06:29:21 info: SSA API METHOD /api/mobile_otp/verify
2023-09-22 06:29:21 info: ------------------------------------------
2023-09-22 06:29:21 info: OTP Verify: {"message":"The OTP you have entered is invalid. Your account will be locked after 3 incorrect tries. \n Number of tries: 2","data":{"user_id":"devej1469","mobile_no":"639465221959","code":"837878"},"status":"0"}
2023-09-22 06:29:21 info: SSA ERROR RESPONSE
2023-09-22 06:29:21 info: {"completed_in":0,"status":0,"message":"The OTP you have entered is invalid. Your account will be locked after 3 incorrect tries. \n Number of tries: 2","session_id":"2b71af3f-5c9a-467c-8179-e52d0f652b9e","request_id":"","ts":"2023-09-22 6:29:21"}
2023-09-22 06:29:23 info: ------------------------------------------
2023-09-22 06:29:23 info: SSA API METHOD /api/mobile_otp/verify
2023-09-22 06:29:23 info: SSA POST DATA {"debug":"1","version":"4","user_id":"devej1469","device_id":"860119042347473","mobileno":"639465221959","otp_code":"837878"}
2023-09-22 06:29:23 info: OTP Verify: {"message":"You have exceeded the maximum limit of tries, your account has been locked.","data":{"user_id":"devej1469","mobile_no":"639465221959","code":"837878"},"status":"0"}
2023-09-22 06:29:23 info: SSA ERROR RESPONSE
2023-09-22 06:29:23 info: {"completed_in":0,"status":0,"message":"You have exceeded the maximum limit of tries, your account has been locked.","session_id":"8b98756c-a5d6-46e5-963d-7bb68f475eb3","request_id":"","ts":"2023-09-22 6:29:23"}
2023-09-22 06:29:32 info: ------------------------------------------
2023-09-22 06:29:32 info: SSA POST DATA {"debug":"1","version":"4","user_id":"devej1469","device_id":"860119042347473","mobileno":"639465221959","otp_code":"837879"}
2023-09-22 06:29:32 info: SSA API METHOD /api/mobile_otp/verify
2023-09-22 06:29:32 info: OTP Verify: {"message":"You have exceeded the maximum limit of tries, your account has been locked.","data":{"user_id":"devej1469","mobile_no":"639465221959","code":"837879"},"status":"0"}
2023-09-22 06:29:32 info: {"completed_in":0,"status":0,"message":"You have exceeded the maximum limit of tries, your account has been locked.","session_id":"b34e30d5-5780-4a52-ad38-25d56dc3395d","request_id":"","ts":"2023-09-22 6:29:32"}
2023-09-22 06:29:32 info: SSA ERROR RESPONSE
2023-09-22 06:29:48 info: ------------------------------------------
2023-09-22 06:29:48 info: SSA API METHOD /api/mobile_otp/verify
2023-09-22 06:29:48 info: SSA POST DATA {"debug":"1","version":"4","user_id":"devej1469","device_id":"860119042347473","mobileno":"639465221959","otp_code":"837871"}
2023-09-22 06:29:48 info: OTP Verify: {"message":"The OTP you have entered is invalid. Your account will be locked after 3 incorrect tries. \n Number of tries: 1","data":{"user_id":"devej1469","mobile_no":"639465221959","code":"837871"},"status":"0"}
2023-09-22 06:29:48 info: {"completed_in":0,"status":0,"message":"The OTP you have entered is invalid. Your account will be locked after 3 incorrect tries. \n Number of tries: 1","session_id":"b1d70dac-492f-4f8c-b8ab-4586b89c0faf","request_id":"","ts":"2023-09-22 6:29:48"}
2023-09-22 06:29:48 info: SSA ERROR RESPONSE
2023-09-22 06:29:59 info: SSA POST DATA {"debug":"1","version":"4","user_id":"devej1469","device_id":"860119042347473","mobileno":"639465221959","otp_code":"837879"}
2023-09-22 06:29:59 info: ------------------------------------------
2023-09-22 06:29:59 info: SSA API METHOD /api/mobile_otp/verify
2023-09-22 06:29:59 info: OTP Verify: {"message":"OTP Successfully Verified.","data":{"user_id":"devej1469","mobile_no":"639465221959","code":"837879"},"status":"1"}
2023-09-22 06:29:59 info: SSA SUCCESS RESPONSE {"completed_in":0,"status":1,"message":"Success","session_id":"9814b123-1bf4-4b02-91bf-81b9cd245d57","request_id":"","ts":"2023-09-22 6:29:59","results":"OTP Successfully Verified."}
