2023-08-31 08:07:42 info: ------------------------------------------
2023-08-31 08:07:42 info: SSA POST DATA {"debug":"1","user_id":"devej1469","device_id":"e959f50d8263e9a5","version":"4","platform":"ios","filters":"{\n  \"func\": \"S\",\n  \"journal\": \"\",\n  \"last_key\": \"\",\n\"panalokard\": \"7b468c21a41519088ea4bfa2d0482cd4\",\n  \"panalowallet\": {\n    \"account_no\": \"OVVjVlczK1R2d1dOQkJGZzA2RnplZz09\",\n    \"currency\": \"PHP\"\n  },\n  \"post_date\": \"\",\n  \"total_record_count\": \"\",\n  \"sequence\": \"\",\n  \"start_key\": \"\",\n  \"record_count\": 0\n}","session_id":"53a2a5e5-40b4-44f3-a1a0-e35aca0357ea","request_id":"53a2a5e5-40b4-4413-a5a0-e35aca0357e1","signature":"a124b6c81d920bc8f61bbb6aea621e7abcbf26f85efe4fd8b15ffb27c7c9378a8fd5a6db2ec333a0ecd521ec1c520de52e7c845bbe5ab764d5e73e1206db7d3e"}
2023-08-31 08:07:42 info: {"channel":{"code":"M"},"type":"ALL","user_id":"devej1469"}
2023-08-31 08:07:42 info: ACTUAL POST....
2023-08-31 08:07:42 info: URL: https://192.168.205.127:1328/Notification/getActive
2023-08-31 08:07:42 info: SSA API METHOD /api/notification_get_all
2023-08-31 08:07:43 info: ACTUAL RESPONSE.... {"code":"000000","message":"OK","data":[{"notification_id":69,"type":"2","tag":69,"title":"test","datein":"12/04/2022 12:17:00","body":"test"},{"notification_id":68,"type":"2","tag":68,"title":"SSA Revamp Test","datein":"12/04/2022 11:25:56","body":"TEST"},{"notification_id":62,"type":"2","tag":62,"title":"TEST","datein":"31/03/2022 11:15:28","body":"TEST"},{"notification_id":67,"type":"2","tag":67,"title":"TEST 6","datein":"01/04/2022 15:06:48","body":"Update your U Store Mobile App on (MM/DD/YYYY) for a more enhanced app experience like sending and receiving money remittances with various partners. Older versions of the app will no longer work after this date.  Chat with our Customer Service Specialist to know more about it.  Thank you very much,"},{"notification_id":66,"type":"2","tag":66,"title":"TEST 5","datein":"01/04/2022 15:05:42","body":"USSC SUPER U APP UPDATE NOW AVAILABLE!"},{"notification_id":65,"type":"2","tag":65,"title":"TEST 4","datein":"01/04/2022 15:03:00","body":"USSC SUPER U APP UPDATE NOW AVAILABLE!"},{"notification_id":64,"type":"2","tag":64,"title":"PUSH UPDATE - test","datein":"01/04/2022 14:40:26","body":"USSC SUPER U APP UPDATE NOW AVAILABLE!"},{"notification_id":63,"type":"2","tag":63,"title":"Resolved access issue - General","datein":"31/03/2022 13:43:55","body":"TEST2"},{"notification_id":61,"type":"2","tag":61,"title":"TEST","datein":"31/03/2022 10:57:28","body":"Intermittent access due to time-out error"},{"notification_id":55,"type":"2","tag":55,"title":"Time-out error","datein":"30/03/2022 14:17:43","body":"Intermittent access due to time-out error"},{"notification_id":27,"type":"2","tag":27,"title":"invalid and valid","datein":"29/07/2019 10:22:05","body":"test"},{"notification_id":1,"type":"1","tag":1,"title":"July 26 Promo 1","datein":"26/07/2019 08:04:36","body":"Promo Description"},{"notification_id":53,"type":"1","tag":53,"title":"July 29 Promo 3","datein":"29/07/2019 12:04:40","body":"Promo Description"},{"notification_id":24,"type":"1","tag":24,"title":"July 29 Promo for ALL","datein":"29/07/2019 09:33:06","body":"Promo Desc"},{"notification_id":23,"type":"1","tag":23,"title":"July 29 Promo for ALL","datein":"29/07/2019 09:27:46","body":"Promo Desc"}]})
2023-08-31 08:07:43 info: USSC WEB SERVICE RESPONSE
2023-08-31 08:07:43 info: SSA SUCCESS RESPONSE {"completed_in":0,"status":1,"message":"Success.","session_id":"43799d98-1820-46fa-9988-3b98304c5d58","request_id":"53a2a5e5-40b4-4413-a5a0-e35aca0357e1","ts":"2023-08-31 8:7:43","result":[{"notification_id":69,"type":"2","tag":69,"title":"test","datein":"12/04/2022 12:17:00","body":"test"},{"notification_id":68,"type":"2","tag":68,"title":"SSA Revamp Test","datein":"12/04/2022 11:25:56","body":"TEST"},{"notification_id":62,"type":"2","tag":62,"title":"TEST","datein":"31/03/2022 11:15:28","body":"TEST"},{"notification_id":67,"type":"2","tag":67,"title":"TEST 6","datein":"01/04/2022 15:06:48","body":"Update your U Store Mobile App on (MM/DD/YYYY) for a more enhanced app experience like sending and receiving money remittances with various partners. Older versions of the app will no longer work after this date.  Chat with our Customer Service Specialist to know more about it.  Thank you very much,"},{"notification_id":66,"type":"2","tag":66,"title":"TEST 5","datein":"01/04/2022 15:05:42","body":"USSC SUPER U APP UPDATE NOW AVAILABLE!"},{"notification_id":65,"type":"2","tag":65,"title":"TEST 4","datein":"01/04/2022 15:03:00","body":"USSC SUPER U APP UPDATE NOW AVAILABLE!"},{"notification_id":64,"type":"2","tag":64,"title":"PUSH UPDATE - test","datein":"01/04/2022 14:40:26","body":"USSC SUPER U APP UPDATE NOW AVAILABLE!"},{"notification_id":63,"type":"2","tag":63,"title":"Resolved access issue - General","datein":"31/03/2022 13:43:55","body":"TEST2"},{"notification_id":61,"type":"2","tag":61,"title":"TEST","datein":"31/03/2022 10:57:28","body":"Intermittent access due to time-out error"},{"notification_id":55,"type":"2","tag":55,"title":"Time-out error","datein":"30/03/2022 14:17:43","body":"Intermittent access due to time-out error"},{"notification_id":27,"type":"2","tag":27,"title":"invalid and valid","datein":"29/07/2019 10:22:05","body":"test"},{"notification_id":1,"type":"1","tag":1,"title":"July 26 Promo 1","datein":"26/07/2019 08:04:36","body":"Promo Description"},{"notification_id":53,"type":"1","tag":53,"title":"July 29 Promo 3","datein":"29/07/2019 12:04:40","body":"Promo Description"},{"notification_id":24,"type":"1","tag":24,"title":"July 29 Promo for ALL","datein":"29/07/2019 09:33:06","body":"Promo Desc"},{"notification_id":23,"type":"1","tag":23,"title":"July 29 Promo for ALL","datein":"29/07/2019 09:27:46","body":"Promo Desc"}]}
2023-08-31 08:13:00 info: ------------------------------------------
2023-08-31 08:13:00 info: SSA API METHOD /api/lifeguard_fee_inquiry
2023-08-31 08:13:00 info: SSA POST DATA {"debug":"1","user_id":"devej1469","device_id":"e959f50d8263e9a5","version":"4","platform":"ios"}
2023-08-31 08:13:28 info: ------------------------------------------
2023-08-31 08:13:28 info: SSA API METHOD /api/lifeguard_fee_inquiry
2023-08-31 08:13:28 info: SSA SUCCESS RESPONSE {"completed_in":0,"status":1,"message":"Success","session_id":"653289f4-3047-4683-8205-3f28e8233c50","request_id":"","ts":"2023-08-31 8:13:28","result":{"channel":{"code":"M"},"type":"","user_id":"devej1469"}}
2023-08-31 08:13:28 info: SSA POST DATA {"debug":"1","user_id":"devej1469","device_id":"e959f50d8263e9a5","version":"4","platform":"ios"}
2023-08-31 08:15:52 info: ------------------------------------------
2023-08-31 08:15:52 info: SSA POST DATA {"debug":"1","user_id":"devej1469","version":"4","platform":"ios"}
2023-08-31 08:15:52 info: SSA API METHOD /api/lifeguard_fee_inquiry
2023-08-31 08:15:52 info: SSA ERROR RESPONSE
2023-08-31 08:15:52 info: {"completed_in":0,"status":0,"message":"device_id is required. ","session_id":"76f81bbc-89e1-47fb-b4dc-7b26a04cfebd","request_id":"","ts":"2023-08-31 8:15:52"}
2023-08-31 08:16:00 info: SSA POST DATA {"debug":"1","device_id":"e959f50d8263e9a5","version":"4","platform":"ios"}
2023-08-31 08:16:00 info: {"completed_in":0,"status":0,"message":"user_id is required. ","session_id":"e464a234-c49c-4983-bfb2-36e2511ed3a3","request_id":"","ts":"2023-08-31 8:16:0"}
2023-08-31 08:16:00 info: ------------------------------------------
2023-08-31 08:16:00 info: SSA API METHOD /api/lifeguard_fee_inquiry
2023-08-31 08:16:00 info: SSA ERROR RESPONSE
2023-08-31 08:26:06 info: ------------------------------------------
2023-08-31 08:26:06 info: SSA POST DATA {"debug":"1","user_id":"devej1469","device_id":"e959f50d8263e9a5","version":"4","platform":"ios"}
2023-08-31 08:26:06 info: SSA API METHOD /api/lifeguard_fee_inquiry
2023-08-31 08:28:48 info: ------------------------------------------
2023-08-31 08:29:32 info: ------------------------------------------
2023-08-31 08:29:32 info: SSA POST DATA {"debug":"1","user_id":"devej1469","device_id":"e959f50d8263e9a5","version":"4","platform":"ios"}
2023-08-31 08:29:32 info: SSA API METHOD /api/lifeguard_fee_inquiry
2023-08-31 08:30:20 info: ------------------------------------------
2023-08-31 08:30:20 info: URL: https://192.168.205.127:1328/LifeGuard/feeInquiry
2023-08-31 08:30:20 info: SSA API METHOD /api/lifeguard_fee_inquiry
2023-08-31 08:30:20 info: SSA POST DATA {"debug":"1","user_id":"devej1469","device_id":"e959f50d8263e9a5","version":"4","platform":"ios"}
2023-08-31 08:30:22 info: USSC WEB SERVICE RESPONSE
2023-08-31 08:30:22 info: ACTUAL RESPONSE.... {"code":"000000","message":"OK","data":{"coverage":"30","time":"days","type_id":1,"type_name":"Lifeguard P50","type_short_description":"Accidental","type_description":"Insured in the event of accidental death, disability, and dismemberment","premium":"23.10","commission":"11.90","markup":"15.00","transaction_amount":"50.00","total":"50.00"}})
2023-08-31 08:30:22 info: SSA SUCCESS RESPONSE {"completed_in":0,"status":1,"message":"Success","session_id":"b20f23b4-2ea8-449c-93d1-2c35d1dc2ad5","request_id":"","ts":"2023-08-31 8:30:22","result":{"code":"000000","message":"OK","data":{"coverage":"30","time":"days","type_id":1,"type_name":"Lifeguard P50","type_short_description":"Accidental","type_description":"Insured in the event of accidental death, disability, and dismemberment","premium":"23.10","commission":"11.90","markup":"15.00","transaction_amount":"50.00","total":"50.00"},"success":true}}
2023-08-31 08:38:26 info: SSA API METHOD /api/lifeguard_fee_inquiry
2023-08-31 08:38:25 info: ------------------------------------------
2023-08-31 08:38:26 info: SSA POST DATA {"debug":"1","user_id":"devej1469","device_id":"e959f50d8263e9a5","version":"4","platform":"ios"}
2023-08-31 08:38:26 info: URL: https://192.168.205.127:1328/LifeGuard/feeInquiry
2023-08-31 08:38:27 info: SSA SUCCESS RESPONSE {"completed_in":0,"status":1,"message":"Success.","session_id":"9c0a9724-1d0f-4d7e-b7db-65bcd124e5ac","request_id":"","ts":"2023-08-31 8:38:27","result":{"coverage":"30","time":"days","type_id":1,"type_name":"Lifeguard P50","type_short_description":"Accidental","type_description":"Insured in the event of accidental death, disability, and dismemberment","premium":"23.10","commission":"11.90","markup":"15.00","transaction_amount":"50.00","total":"50.00"}}
2023-08-31 08:38:27 info: USSC WEB SERVICE RESPONSE
2023-08-31 08:38:27 info: ACTUAL RESPONSE.... {"code":"000000","message":"OK","data":{"coverage":"30","time":"days","type_id":1,"type_name":"Lifeguard P50","type_short_description":"Accidental","type_description":"Insured in the event of accidental death, disability, and dismemberment","premium":"23.10","commission":"11.90","markup":"15.00","transaction_amount":"50.00","total":"50.00"}})
2023-08-31 08:41:33 info: ------------------------------------------
2023-08-31 08:41:33 info: URL: https://192.168.205.127:1328/LifeGuard/feeInquiry
2023-08-31 08:41:33 info: SSA POST DATA {"debug":"1","user_id":"devej1469","device_id":"e959f50d8263e9a5","version":"4","platform":"ios"}
2023-08-31 08:41:33 info: SSA API METHOD /api/lifeguard_fee_inquiry
2023-08-31 08:41:35 info: USSC WEB SERVICE RESPONSE
2023-08-31 08:41:35 info: ACTUAL RESPONSE.... {"code":"000000","message":"OK","data":{"coverage":"30","time":"days","type_id":1,"type_name":"Lifeguard P50","type_short_description":"Accidental","type_description":"Insured in the event of accidental death, disability, and dismemberment","premium":"23.10","commission":"11.90","markup":"15.00","transaction_amount":"50.00","total":"50.00"}})
2023-08-31 08:41:35 info: SSA SUCCESS RESPONSE {"completed_in":0,"status":1,"message":"Success.","session_id":"fa73e49d-62ad-40ec-8ea6-f6b87f879d2f","request_id":"","ts":"2023-08-31 8:41:35","result":{"coverage":"30","time":"days","type_id":1,"type_name":"Lifeguard P50","type_short_description":"Accidental","type_description":"Insured in the event of accidental death, disability, and dismemberment","premium":"23.10","commission":"11.90","markup":"15.00","transaction_amount":"50.00","total":"50.00"}}
2023-08-31 08:42:44 info: ------------------------------------------
2023-08-31 08:42:44 info: SSA POST DATA {"debug":"1","user_id":"devej1469","device_id":"e959f50d8263e9a5","version":"4","platform":"ios"}
2023-08-31 08:42:44 info: SSA API METHOD /api/lifeguard_fee_inquiry
2023-08-31 08:42:44 info: URL: https://192.168.205.127:1328/LifeGuard/feeInquiry
2023-08-31 08:42:46 info: SSA SUCCESS RESPONSE {"completed_in":0,"status":1,"message":"Success.","session_id":"c17f18c1-65de-4f0d-9349-696a4f753326","request_id":"","ts":"2023-08-31 8:42:46","result":{"coverage":"30","time":"days","type_id":1,"type_name":"Lifeguard P50","type_short_description":"Accidental","type_description":"Insured in the event of accidental death, disability, and dismemberment","premium":"23.10","commission":"11.90","markup":"15.00","transaction_amount":"50.00","total":"50.00"}}
2023-08-31 08:42:46 info: USSC WEB SERVICE RESPONSE
2023-08-31 08:42:46 info: ACTUAL RESPONSE.... {"code":"000000","message":"OK","data":{"coverage":"30","time":"days","type_id":1,"type_name":"Lifeguard P50","type_short_description":"Accidental","type_description":"Insured in the event of accidental death, disability, and dismemberment","premium":"23.10","commission":"11.90","markup":"15.00","transaction_amount":"50.00","total":"50.00"}})
2023-08-31 08:59:19 info: ------------------------------------------
2023-08-31 08:59:19 info: {"completed_in":0,"status":0,"message":"TEST","session_id":"fb40be00-14d3-438d-bbee-561d8c51a1d4","request_id":"","ts":"2023-08-31 8:59:19"}
2023-08-31 08:59:19 info: SSA POST DATA {"debug":"1","user_id":"devej1469","device_id":"e959f50d8263e9a5","version":"4","platform":"ios"}
2023-08-31 08:59:19 info: SSA ERROR RESPONSE
2023-08-31 08:59:19 info: SSA API METHOD /api/lifeguard_fee_inquiry
2023-08-31 08:59:19 info: POST DB lifeguard_fee_inquiry,POST,ios,4,e959f50d8263e9a5,,fb40be00-14d3-438d-bbee-561d8c51a1d4,devej1469,,,,,,2023-09-05 8:59:19
2023-08-31 09:00:26 info: SSA ERROR RESPONSE
2023-08-31 09:00:26 info: {"completed_in":0,"status":0,"message":"TEST","session_id":"35b825fe-e5fd-495f-a517-bf316b769853","request_id":"","ts":"2023-08-31 9:0:26"}
2023-08-31 09:00:26 info: ------------------------------------------
2023-08-31 09:00:26 info: SSA POST DATA {"debug":"1","user_id":"devej1469","device_id":"e959f50d8263e9a5","version":"4","platform":"ios"}
2023-08-31 09:00:26 info: SSA API METHOD /api/lifeguard_fee_inquiry
2023-08-31 09:00:37 info: SSA POST DATA {"debug":"1","user_id":"devej1469","device_id":"e959f50d8263e9a5","version":"4","platform":"ios"}
2023-08-31 09:00:37 info: ------------------------------------------
2023-08-31 09:00:37 info: SSA API METHOD /api/lifeguard_fee_inquiry
2023-08-31 09:00:37 info: SSA ERROR RESPONSE
2023-08-31 09:00:37 info: {"completed_in":0,"status":0,"message":"TEST","session_id":"27e8f7e0-614c-4769-b2f2-8a0767bcae72","request_id":"","ts":"2023-08-31 9:0:37"}
2023-08-31 09:01:25 info: SSA ERROR RESPONSE
2023-08-31 09:01:25 info: ------------------------------------------
2023-08-31 09:01:25 info: SSA API METHOD /api/lifeguard_fee_inquiry
2023-08-31 09:01:25 info: SSA POST DATA {"debug":"1","user_id":"devej1469","device_id":"e959f50d8263e9a5","version":"4","platform":"ios"}
2023-08-31 09:01:25 info: {"completed_in":0,"status":0,"message":"TEST","session_id":"f3b49467-224f-46c2-9366-f18a67700b8e","request_id":"","ts":"2023-08-31 9:1:25"}
2023-08-31 09:03:20 info: ------------------------------------------
2023-08-31 09:03:20 info: SSA API METHOD /api/lifeguard_fee_inquiry
2023-08-31 09:03:20 info: SSA POST DATA {"debug":"1","user_id":"devej1469","device_id":"e959f50d8263e9a5","version":"4","platform":"ios"}
2023-08-31 09:03:20 info: {"completed_in":0,"status":0,"message":"TEST","session_id":"a899e1fd-7cc9-4554-8af5-79496b82603f","request_id":"","ts":"2023-08-31 9:3:20"}
2023-08-31 09:03:20 info: SSA ERROR RESPONSE
2023-08-31 09:03:59 info: ------------------------------------------
2023-08-31 09:03:59 info: SSA API METHOD /api/lifeguard_fee_inquiry
2023-08-31 09:03:59 info: SSA ERROR RESPONSE
2023-08-31 09:03:59 info: SSA POST DATA {"debug":"1","user_id":"devej1469","device_id":"e959f50d8263e9a5","version":"4","platform":"ios"}
2023-08-31 09:03:59 info: {"completed_in":0,"status":0,"message":"TEST","session_id":"9b7d1bdf-11a7-4bd4-80b5-88efb6640ef8","request_id":"","ts":"2023-08-31 9:3:59"}
2023-08-31 09:04:37 info: ------------------------------------------
2023-08-31 09:04:37 info: SSA API METHOD /api/lifeguard_fee_inquiry
2023-08-31 09:04:37 info: SSA POST DATA {"debug":"1","user_id":"devej1469","device_id":"e959f50d8263e9a5","version":"4","platform":"ios"}
2023-08-31 09:04:37 info: SSA ERROR RESPONSE
2023-08-31 09:04:37 info: {"completed_in":0,"status":0,"message":"TEST","session_id":"f57dd67f-ca6e-4e07-8237-ef7499dfe90f","request_id":"","ts":"2023-08-31 9:4:37"}
2023-08-31 09:06:19 info: ------------------------------------------
2023-08-31 09:06:19 info: POST DB Tester,POST,,3.0.35,,,d287c32d-b7f3-4c44-b5c5-2ddf00b26f6a,,,,,,,2023-08-28 5:40:34
2023-08-31 09:06:19 info: {"completed_in":0,"status":0,"message":"TEST","session_id":"47d13958-fa1c-495b-b87f-14152dc49324","request_id":"","ts":"2023-08-31 9:6:19"}
2023-08-31 09:06:19 info: SSA POST DATA {"debug":"1","user_id":"devej1469","device_id":"e959f50d8263e9a5","version":"4","platform":"ios"}
2023-08-31 09:06:19 info: SSA API METHOD /api/lifeguard_fee_inquiry
2023-08-31 09:06:19 info: SSA ERROR RESPONSE
2023-08-31 09:07:09 info: ------------------------------------------
2023-08-31 09:07:09 info: SSA POST DATA {"debug":"1","user_id":"devej1469","device_id":"e959f50d8263e9a5","version":"4","platform":"ios"}
2023-08-31 09:08:00 info: ------------------------------------------
2023-08-31 09:08:00 info: SSA API METHOD /api/lifeguard_fee_inquiry
2023-08-31 09:08:00 info: {"completed_in":0,"status":0,"message":"TEST","session_id":"152eebe6-88ff-4ad9-87ec-9b48e4a0fb7e","request_id":"","ts":"2023-08-31 9:8:0"}
2023-08-31 09:08:00 info: ERROR ["Tester","POST","","3.0.35","","","d287c32d-b7f3-4c44-b5c5-2ddf00b26f6a","","","","","","","2023-08-28 5:40:34"]
2023-08-31 09:08:00 info: POST DB Tester,POST,,3.0.35,,,d287c32d-b7f3-4c44-b5c5-2ddf00b26f6a,,,,,,,2023-08-28 5:40:34
2023-08-31 09:08:00 info: SSA ERROR RESPONSE
2023-08-31 09:08:00 info: SSA POST DATA {"debug":"1","user_id":"devej1469","device_id":"e959f50d8263e9a5","version":"4","platform":"ios"}
2023-08-31 09:08:08 info: ------------------------------------------
2023-08-31 09:08:08 info: SSA POST DATA {"debug":"1","user_id":"devej1469","device_id":"e959f50d8263e9a5","version":"4","platform":"ios"}
2023-08-31 09:08:08 info: SSA API METHOD /api/lifeguard_fee_inquiry
2023-08-31 09:08:08 info: POST DB Tester,POST,,3.0.35,,,d287c32d-b7f3-4c44-b5c5-2ddf00b26f6a,,,,,,,2023-08-28 5:40:34
2023-08-31 09:08:08 info: SSA ERROR RESPONSE
2023-08-31 09:08:08 info: {"completed_in":0,"status":0,"message":"TEST","session_id":"61520590-52d7-4f31-b568-46198bf6e6be","request_id":"","ts":"2023-08-31 9:8:8"}
2023-08-31 09:08:08 info: ERROR ["Tester","POST","","3.0.35","","","d287c32d-b7f3-4c44-b5c5-2ddf00b26f6a","","","","","","","2023-08-28 5:40:34"]
2023-08-31 09:08:33 info: POST DB Tester,POST,,3.0.35,,,d287c32d-b7f3-4c44-b5c5-2ddf00b26f6a,,,,,,,2023-08-28 5:40:34
2023-08-31 09:08:33 info: SSA ERROR RESPONSE
2023-08-31 09:08:33 info: ------------------------------------------
2023-08-31 09:08:33 info: {"completed_in":0,"status":0,"message":"TEST","session_id":"994d290b-c148-4843-907e-6ccff69c8178","request_id":"","ts":"2023-08-31 9:8:33"}
2023-08-31 09:08:33 info: SSA API METHOD /api/lifeguard_fee_inquiry
2023-08-31 09:08:33 info: SSA POST DATA {"debug":"1","user_id":"devej1469","device_id":"e959f50d8263e9a5","version":"4","platform":"ios"}
2023-08-31 09:08:33 info: ERROR {}
2023-08-31 09:10:39 info: ------------------------------------------
2023-08-31 09:10:39 info: POST DB Tester,POST,,3.0.35,,,d287c32d-b7f3-4c44-b5c5-2ddf00b26f6a,,,,,,,2023-09-02 5:40:34
2023-08-31 09:10:39 info: SSA POST DATA {"debug":"1","user_id":"devej1469","device_id":"e959f50d8263e9a5","version":"4","platform":"ios"}
2023-08-31 09:10:39 info: SSA API METHOD /api/lifeguard_fee_inquiry
2023-08-31 09:10:39 info: SSA ERROR RESPONSE
2023-08-31 09:10:39 info: {"completed_in":0,"status":0,"message":"TEST","session_id":"6ee8d68a-5278-4ee5-ae5b-adaa59563583","request_id":"","ts":"2023-08-31 9:10:39"}
2023-08-31 09:10:39 info: ERROR {}
2023-08-31 09:10:52 info: ------------------------------------------
2023-08-31 09:10:52 info: URL: https://192.168.205.127:1328/Notification/getActive
2023-08-31 09:10:52 info: ACTUAL POST....
2023-08-31 09:10:52 info: SSA API METHOD /api/notification_get_all
2023-08-31 09:10:52 info: ERROR {}
2023-08-31 09:10:52 info: SSA POST DATA {"debug":"1","user_id":"devej1469","device_id":"e959f50d8263e9a5","version":"4","platform":"ios","filters":"{\n  \"func\": \"S\",\n  \"journal\": \"\",\n  \"last_key\": \"\",\n\"panalokard\": \"7b468c21a41519088ea4bfa2d0482cd4\",\n  \"panalowallet\": {\n    \"account_no\": \"OVVjVlczK1R2d1dOQkJGZzA2RnplZz09\",\n    \"currency\": \"PHP\"\n  },\n  \"post_date\": \"\",\n  \"total_record_count\": \"\",\n  \"sequence\": \"\",\n  \"start_key\": \"\",\n  \"record_count\": 0\n}","session_id":"53a2a5e5-40b4-44f3-a1a0-e35aca0357ea","request_id":"53a2a5e5-40b4-4413-a5a0-e35aca0357e1","signature":"a124b6c81d920bc8f61bbb6aea621e7abcbf26f85efe4fd8b15ffb27c7c9378a8fd5a6db2ec333a0ecd521ec1c520de52e7c845bbe5ab764d5e73e1206db7d3e"}
2023-08-31 09:10:52 info: POST DB Tester,POST,,3.0.35,,,d287c32d-b7f3-4c44-b5c5-2ddf00b26f6a,,,,,,,2023-09-02 5:40:34
2023-08-31 09:10:52 info: {"channel":{"code":"M"},"type":"ALL","user_id":"devej1469"}
2023-08-31 09:10:53 info: ACTUAL RESPONSE.... {"code":"000000","message":"OK","data":[{"notification_id":69,"type":"2","tag":69,"title":"test","datein":"12/04/2022 12:17:00","body":"test"},{"notification_id":68,"type":"2","tag":68,"title":"SSA Revamp Test","datein":"12/04/2022 11:25:56","body":"TEST"},{"notification_id":62,"type":"2","tag":62,"title":"TEST","datein":"31/03/2022 11:15:28","body":"TEST"},{"notification_id":67,"type":"2","tag":67,"title":"TEST 6","datein":"01/04/2022 15:06:48","body":"Update your U Store Mobile App on (MM/DD/YYYY) for a more enhanced app experience like sending and receiving money remittances with various partners. Older versions of the app will no longer work after this date.  Chat with our Customer Service Specialist to know more about it.  Thank you very much,"},{"notification_id":66,"type":"2","tag":66,"title":"TEST 5","datein":"01/04/2022 15:05:42","body":"USSC SUPER U APP UPDATE NOW AVAILABLE!"},{"notification_id":65,"type":"2","tag":65,"title":"TEST 4","datein":"01/04/2022 15:03:00","body":"USSC SUPER U APP UPDATE NOW AVAILABLE!"},{"notification_id":64,"type":"2","tag":64,"title":"PUSH UPDATE - test","datein":"01/04/2022 14:40:26","body":"USSC SUPER U APP UPDATE NOW AVAILABLE!"},{"notification_id":63,"type":"2","tag":63,"title":"Resolved access issue - General","datein":"31/03/2022 13:43:55","body":"TEST2"},{"notification_id":61,"type":"2","tag":61,"title":"TEST","datein":"31/03/2022 10:57:28","body":"Intermittent access due to time-out error"},{"notification_id":55,"type":"2","tag":55,"title":"Time-out error","datein":"30/03/2022 14:17:43","body":"Intermittent access due to time-out error"},{"notification_id":27,"type":"2","tag":27,"title":"invalid and valid","datein":"29/07/2019 10:22:05","body":"test"},{"notification_id":1,"type":"1","tag":1,"title":"July 26 Promo 1","datein":"26/07/2019 08:04:36","body":"Promo Description"},{"notification_id":53,"type":"1","tag":53,"title":"July 29 Promo 3","datein":"29/07/2019 12:04:40","body":"Promo Description"},{"notification_id":24,"type":"1","tag":24,"title":"July 29 Promo for ALL","datein":"29/07/2019 09:33:06","body":"Promo Desc"},{"notification_id":23,"type":"1","tag":23,"title":"July 29 Promo for ALL","datein":"29/07/2019 09:27:46","body":"Promo Desc"}]})
2023-08-31 09:10:53 info: USSC WEB SERVICE RESPONSE
2023-08-31 09:10:53 info: SSA SUCCESS RESPONSE {"completed_in":0,"status":1,"message":"Success.","session_id":"8585163c-b9e1-428b-94cb-344b604753cf","request_id":"53a2a5e5-40b4-4413-a5a0-e35aca0357e1","ts":"2023-08-31 9:10:53","result":[{"notification_id":69,"type":"2","tag":69,"title":"test","datein":"12/04/2022 12:17:00","body":"test"},{"notification_id":68,"type":"2","tag":68,"title":"SSA Revamp Test","datein":"12/04/2022 11:25:56","body":"TEST"},{"notification_id":62,"type":"2","tag":62,"title":"TEST","datein":"31/03/2022 11:15:28","body":"TEST"},{"notification_id":67,"type":"2","tag":67,"title":"TEST 6","datein":"01/04/2022 15:06:48","body":"Update your U Store Mobile App on (MM/DD/YYYY) for a more enhanced app experience like sending and receiving money remittances with various partners. Older versions of the app will no longer work after this date.  Chat with our Customer Service Specialist to know more about it.  Thank you very much,"},{"notification_id":66,"type":"2","tag":66,"title":"TEST 5","datein":"01/04/2022 15:05:42","body":"USSC SUPER U APP UPDATE NOW AVAILABLE!"},{"notification_id":65,"type":"2","tag":65,"title":"TEST 4","datein":"01/04/2022 15:03:00","body":"USSC SUPER U APP UPDATE NOW AVAILABLE!"},{"notification_id":64,"type":"2","tag":64,"title":"PUSH UPDATE - test","datein":"01/04/2022 14:40:26","body":"USSC SUPER U APP UPDATE NOW AVAILABLE!"},{"notification_id":63,"type":"2","tag":63,"title":"Resolved access issue - General","datein":"31/03/2022 13:43:55","body":"TEST2"},{"notification_id":61,"type":"2","tag":61,"title":"TEST","datein":"31/03/2022 10:57:28","body":"Intermittent access due to time-out error"},{"notification_id":55,"type":"2","tag":55,"title":"Time-out error","datein":"30/03/2022 14:17:43","body":"Intermittent access due to time-out error"},{"notification_id":27,"type":"2","tag":27,"title":"invalid and valid","datein":"29/07/2019 10:22:05","body":"test"},{"notification_id":1,"type":"1","tag":1,"title":"July 26 Promo 1","datein":"26/07/2019 08:04:36","body":"Promo Description"},{"notification_id":53,"type":"1","tag":53,"title":"July 29 Promo 3","datein":"29/07/2019 12:04:40","body":"Promo Description"},{"notification_id":24,"type":"1","tag":24,"title":"July 29 Promo for ALL","datein":"29/07/2019 09:33:06","body":"Promo Desc"},{"notification_id":23,"type":"1","tag":23,"title":"July 29 Promo for ALL","datein":"29/07/2019 09:27:46","body":"Promo Desc"}]}
2023-08-31 09:13:02 info: ------------------------------------------
2023-08-31 09:13:02 info: SSA POST DATA {"debug":"1","user_id":"devej1469","device_id":"e959f50d8263e9a5","version":"4","platform":"ios","filters":"{\n  \"func\": \"S\",\n  \"journal\": \"\",\n  \"last_key\": \"\",\n\"panalokard\": \"7b468c21a41519088ea4bfa2d0482cd4\",\n  \"panalowallet\": {\n    \"account_no\": \"OVVjVlczK1R2d1dOQkJGZzA2RnplZz09\",\n    \"currency\": \"PHP\"\n  },\n  \"post_date\": \"\",\n  \"total_record_count\": \"\",\n  \"sequence\": \"\",\n  \"start_key\": \"\",\n  \"record_count\": 0\n}","session_id":"53a2a5e5-40b4-44f3-a1a0-e35aca0357ea","request_id":"53a2a5e5-40b4-4413-a5a0-e35aca0357e1","signature":"a124b6c81d920bc8f61bbb6aea621e7abcbf26f85efe4fd8b15ffb27c7c9378a8fd5a6db2ec333a0ecd521ec1c520de52e7c845bbe5ab764d5e73e1206db7d3e"}
2023-08-31 09:13:02 info: POST DB Tester,POST,,3.0.35,,,d287c32d-b7f3-4c44-b5c5-2ddf00b26f6a,,,,,,,2023-09-02 5:40:34
2023-08-31 09:13:02 info: {"channel":{"code":"M"},"type":"ALL","user_id":"devej1469"}
2023-08-31 09:13:02 info: SSA API METHOD /api/notification_get_all
2023-08-31 09:13:02 info: ACTUAL POST....
2023-08-31 09:13:02 info: URL: https://192.168.205.127:1328/Notification/getActive
2023-08-31 09:13:02 info: ERROR {}
2023-08-31 09:13:03 info: USSC WEB SERVICE RESPONSE
2023-08-31 09:13:03 info: SSA SUCCESS RESPONSE {"completed_in":0,"status":1,"message":"Success.","session_id":"009fe16a-f63d-4e6e-8799-87352ee48131","request_id":"53a2a5e5-40b4-4413-a5a0-e35aca0357e1","ts":"2023-08-31 9:13:3","result":[{"notification_id":69,"type":"2","tag":69,"title":"test","datein":"12/04/2022 12:17:00","body":"test"},{"notification_id":68,"type":"2","tag":68,"title":"SSA Revamp Test","datein":"12/04/2022 11:25:56","body":"TEST"},{"notification_id":62,"type":"2","tag":62,"title":"TEST","datein":"31/03/2022 11:15:28","body":"TEST"},{"notification_id":67,"type":"2","tag":67,"title":"TEST 6","datein":"01/04/2022 15:06:48","body":"Update your U Store Mobile App on (MM/DD/YYYY) for a more enhanced app experience like sending and receiving money remittances with various partners. Older versions of the app will no longer work after this date.  Chat with our Customer Service Specialist to know more about it.  Thank you very much,"},{"notification_id":66,"type":"2","tag":66,"title":"TEST 5","datein":"01/04/2022 15:05:42","body":"USSC SUPER U APP UPDATE NOW AVAILABLE!"},{"notification_id":65,"type":"2","tag":65,"title":"TEST 4","datein":"01/04/2022 15:03:00","body":"USSC SUPER U APP UPDATE NOW AVAILABLE!"},{"notification_id":64,"type":"2","tag":64,"title":"PUSH UPDATE - test","datein":"01/04/2022 14:40:26","body":"USSC SUPER U APP UPDATE NOW AVAILABLE!"},{"notification_id":63,"type":"2","tag":63,"title":"Resolved access issue - General","datein":"31/03/2022 13:43:55","body":"TEST2"},{"notification_id":61,"type":"2","tag":61,"title":"TEST","datein":"31/03/2022 10:57:28","body":"Intermittent access due to time-out error"},{"notification_id":55,"type":"2","tag":55,"title":"Time-out error","datein":"30/03/2022 14:17:43","body":"Intermittent access due to time-out error"},{"notification_id":27,"type":"2","tag":27,"title":"invalid and valid","datein":"29/07/2019 10:22:05","body":"test"},{"notification_id":1,"type":"1","tag":1,"title":"July 26 Promo 1","datein":"26/07/2019 08:04:36","body":"Promo Description"},{"notification_id":53,"type":"1","tag":53,"title":"July 29 Promo 3","datein":"29/07/2019 12:04:40","body":"Promo Description"},{"notification_id":24,"type":"1","tag":24,"title":"July 29 Promo for ALL","datein":"29/07/2019 09:33:06","body":"Promo Desc"},{"notification_id":23,"type":"1","tag":23,"title":"July 29 Promo for ALL","datein":"29/07/2019 09:27:46","body":"Promo Desc"}]}
2023-08-31 09:13:03 info: ACTUAL RESPONSE.... {"code":"000000","message":"OK","data":[{"notification_id":69,"type":"2","tag":69,"title":"test","datein":"12/04/2022 12:17:00","body":"test"},{"notification_id":68,"type":"2","tag":68,"title":"SSA Revamp Test","datein":"12/04/2022 11:25:56","body":"TEST"},{"notification_id":62,"type":"2","tag":62,"title":"TEST","datein":"31/03/2022 11:15:28","body":"TEST"},{"notification_id":67,"type":"2","tag":67,"title":"TEST 6","datein":"01/04/2022 15:06:48","body":"Update your U Store Mobile App on (MM/DD/YYYY) for a more enhanced app experience like sending and receiving money remittances with various partners. Older versions of the app will no longer work after this date.  Chat with our Customer Service Specialist to know more about it.  Thank you very much,"},{"notification_id":66,"type":"2","tag":66,"title":"TEST 5","datein":"01/04/2022 15:05:42","body":"USSC SUPER U APP UPDATE NOW AVAILABLE!"},{"notification_id":65,"type":"2","tag":65,"title":"TEST 4","datein":"01/04/2022 15:03:00","body":"USSC SUPER U APP UPDATE NOW AVAILABLE!"},{"notification_id":64,"type":"2","tag":64,"title":"PUSH UPDATE - test","datein":"01/04/2022 14:40:26","body":"USSC SUPER U APP UPDATE NOW AVAILABLE!"},{"notification_id":63,"type":"2","tag":63,"title":"Resolved access issue - General","datein":"31/03/2022 13:43:55","body":"TEST2"},{"notification_id":61,"type":"2","tag":61,"title":"TEST","datein":"31/03/2022 10:57:28","body":"Intermittent access due to time-out error"},{"notification_id":55,"type":"2","tag":55,"title":"Time-out error","datein":"30/03/2022 14:17:43","body":"Intermittent access due to time-out error"},{"notification_id":27,"type":"2","tag":27,"title":"invalid and valid","datein":"29/07/2019 10:22:05","body":"test"},{"notification_id":1,"type":"1","tag":1,"title":"July 26 Promo 1","datein":"26/07/2019 08:04:36","body":"Promo Description"},{"notification_id":53,"type":"1","tag":53,"title":"July 29 Promo 3","datein":"29/07/2019 12:04:40","body":"Promo Description"},{"notification_id":24,"type":"1","tag":24,"title":"July 29 Promo for ALL","datein":"29/07/2019 09:33:06","body":"Promo Desc"},{"notification_id":23,"type":"1","tag":23,"title":"July 29 Promo for ALL","datein":"29/07/2019 09:27:46","body":"Promo Desc"}]})
2023-08-31 09:14:38 info: SSA API METHOD /api/lifeguard_fee_inquiry
2023-08-31 09:14:38 info: {"completed_in":0,"status":0,"message":"TEST","session_id":"dc54621d-878d-4f4b-855a-0b02845a67a5","request_id":"","ts":"2023-08-31 9:14:38"}
2023-08-31 09:14:38 info: SSA ERROR RESPONSE
2023-08-31 09:14:38 info: ------------------------------------------
2023-08-31 09:14:38 info: SSA POST DATA {"debug":"1","user_id":"devej1469","device_id":"e959f50d8263e9a5","version":"4","platform":"ios"}
2023-08-31 09:14:38 info: POST DB Tester,POST,,3.0.35,,,d287c32d-b7f3-4c44-b5c5-2ddf00b26f6a,,,,,,,2023-09-02 5:40:34
2023-08-31 09:14:38 info: ERROR {}
2023-08-31 09:14:44 info: SSA POST DATA {"debug":"1","user_id":"devej1469","device_id":"e959f50d8263e9a5","version":"4","platform":"ios"}
2023-08-31 09:14:44 info: ------------------------------------------
2023-08-31 09:14:44 info: SSA API METHOD /api/lifeguard_fee_inquiry
2023-08-31 09:14:44 info: SSA ERROR RESPONSE
2023-08-31 09:14:44 info: POST DB Tester,POST,,3.0.35,,,d287c32d-b7f3-4c44-b5c5-2ddf00b26f6a,,,,,,,2023-09-02 5:40:34
2023-08-31 09:14:44 info: {"completed_in":0,"status":0,"message":"TEST","session_id":"e6ac2ec9-badb-43dd-8426-769817af2843","request_id":"","ts":"2023-08-31 9:14:44"}
2023-08-31 09:14:44 info: ERROR {}
2023-08-31 09:16:45 info: ------------------------------------------
2023-08-31 09:16:45 info: SSA ERROR RESPONSE
2023-08-31 09:16:45 info: POST DB Tester,POST,,3.0.35,,,d287c32d-b7f3-4c44-b5c5-2ddf00b26f6a,,,,,,,2023-09-02 5:40:34
2023-08-31 09:16:45 info: ERROR {}
2023-08-31 09:16:45 info: SSA POST DATA {"debug":"1","user_id":"devej1469","device_id":"e959f50d8263e9a5","version":"4","platform":"ios"}
2023-08-31 09:16:45 info: SSA API METHOD /api/lifeguard_fee_inquiry
2023-08-31 09:16:45 info: {"completed_in":0,"status":0,"message":"TEST","session_id":"a8e1a299-f171-4ee7-ada9-2f480f98e72b","request_id":"","ts":"2023-08-31 9:16:45"}
2023-08-31 09:16:46 info: ------------------------------------------
2023-08-31 09:16:46 info: POST DB Tester,POST,,3.0.35,,,d287c32d-b7f3-4c44-b5c5-2ddf00b26f6a,,,,,,,2023-09-02 5:40:34
2023-08-31 09:16:46 info: SSA ERROR RESPONSE
2023-08-31 09:16:46 info: SSA API METHOD /api/lifeguard_fee_inquiry
2023-08-31 09:16:46 info: {"completed_in":0,"status":0,"message":"TEST","session_id":"eb6a74b1-7753-4117-9646-d780be27b84a","request_id":"","ts":"2023-08-31 9:16:46"}
2023-08-31 09:16:46 info: SSA POST DATA {"debug":"1","user_id":"devej1469","device_id":"e959f50d8263e9a5","version":"4","platform":"ios"}
2023-08-31 09:16:46 info: ERROR {}
2023-08-31 09:17:04 info: ------------------------------------------
2023-08-31 09:17:04 info: POST DB Tester,POST,,3.0.35,,,d287c32d-b7f3-4c44-b5c5-2ddf00b26f6a,,,,,,,2023-09-02 5:40:34
2023-08-31 09:17:04 info: SSA ERROR RESPONSE
2023-08-31 09:17:04 info: SSA POST DATA {"debug":"1","user_id":"devej1469","device_id":"e959f50d8263e9a5","version":"4","platform":"ios"}
2023-08-31 09:17:04 info: SSA API METHOD /api/lifeguard_fee_inquiry
2023-08-31 09:17:04 info: {"completed_in":0,"status":0,"message":"TEST","session_id":"09928836-6d19-44d9-92d6-230d6c3dc555","request_id":"","ts":"2023-08-31 9:17:4"}
2023-08-31 09:17:05 info: ERROR {}
2023-08-31 09:17:52 info: ------------------------------------------
2023-08-31 09:17:52 info: SSA ERROR RESPONSE
2023-08-31 09:17:52 info: {"completed_in":0,"status":0,"message":"TEST","session_id":"e270f787-7f61-4779-bb78-7d332e7c4e85","request_id":"","ts":"2023-08-31 9:17:52"}
2023-08-31 09:17:52 info: POST DB Tester,POST,,3.0.35,,,d287c32d-b7f3-4c44-b5c5-2ddf00b26f6a,,,,,,,2023-09-02 5:40:34
2023-08-31 09:17:52 info: SSA POST DATA {"debug":"1","user_id":"devej1469","device_id":"e959f50d8263e9a5","version":"4","platform":"ios"}
2023-08-31 09:17:52 info: SSA API METHOD /api/lifeguard_fee_inquiry
2023-08-31 09:17:52 info: ERROR {}
2023-08-31 09:19:32 info: ------------------------------------------
2023-08-31 09:19:32 info: SSA POST DATA {"debug":"1","user_id":"devej1469","device_id":"e959f50d8263e9a5","version":"4","platform":"ios"}
2023-08-31 09:19:32 info: SSA API METHOD /api/lifeguard_fee_inquiry
2023-08-31 09:19:32 info: SSA ERROR RESPONSE
2023-08-31 09:19:32 info: POST DB Tester,POST,,3.0.35,,,d287c32d-b7f3-4c44-b5c5-2ddf00b26f6a,,,,,,,2023-09-02 5:40:34
2023-08-31 09:19:32 info: {"completed_in":0,"status":0,"message":"TEST","session_id":"8973344d-af54-4469-a9f8-9008b754436c","request_id":"","ts":"2023-08-31 9:19:32"}
2023-08-31 09:19:32 info: ERROR {}
2023-08-31 09:20:17 info: ------------------------------------------
2023-08-31 09:20:17 info: POST DB Tester,POST,,3.0.35,,,d287c32d-b7f3-4c44-b5c5-2ddf00b26f6a,,,,,,,2023-09-02 5:40:34
2023-08-31 09:20:17 info: SSA POST DATA {"debug":"1","user_id":"devej1469","device_id":"e959f50d8263e9a5","version":"4","platform":"ios"}
2023-08-31 09:20:17 info: POST DB Tester,POST,,3.0.35,,,d287c32d-b7f3-4c44-b5c5-2ddf00b26f6a,,,,,,,2023-09-02 5:40:34
2023-08-31 09:20:17 info: SSA ERROR RESPONSE
2023-08-31 09:20:17 info: SSA API METHOD /api/lifeguard_fee_inquiry
2023-08-31 09:20:17 info: {"completed_in":0,"status":0,"message":"TEST","session_id":"a169c204-b29d-462f-940f-49d7d6f9bcf3","request_id":"","ts":"2023-08-31 9:20:17"}
2023-08-31 09:20:46 info: ------------------------------------------
2023-08-31 09:20:46 info: SSA POST DATA {"debug":"1","user_id":"devej1469","device_id":"e959f50d8263e9a5","version":"4","platform":"ios"}
2023-08-31 09:20:46 info: ERROR {}
2023-08-31 09:20:46 info: POST DB Tester,POST,,3.0.35,,,d287c32d-b7f3-4c44-b5c5-2ddf00b26f6a,,,,,,,2023-09-02 5:40:34
2023-08-31 09:20:46 info: SSA API METHOD /api/lifeguard_fee_inquiry
2023-08-31 09:20:46 info: SSA ERROR RESPONSE
2023-08-31 09:20:46 info: {"completed_in":0,"status":0,"message":"TEST","session_id":"1c4c3100-7e1e-4063-a647-175ec783fa37","request_id":"","ts":"2023-08-31 9:20:46"}
2023-08-31 09:22:07 info: ------------------------------------------
2023-08-31 09:22:07 info: SSA API METHOD /api/lifeguard_fee_inquiry
2023-08-31 09:22:07 info: SSA POST DATA {"debug":"1","user_id":"devej1469","device_id":"e959f50d8263e9a5","version":"4","platform":"ios"}
2023-08-31 09:22:07 info: POST DB Tester,POST,,3.0.35,,,d287c32d-b7f3-4c44-b5c5-2ddf00b26f6a,,,,,,,2023-09-02 5:40:34
2023-08-31 09:22:07 info: SSA ERROR RESPONSE
2023-08-31 09:22:07 info: {"completed_in":0,"status":0,"message":"TEST","session_id":"d94c7a76-cf4c-473d-a669-66b914ccb3b2","request_id":"","ts":"2023-08-31 9:22:7"}
2023-08-31 09:22:07 info: ERROR {}
2023-08-31 09:24:45 info: SSA POST DATA {"debug":"1","user_id":"devej1469","device_id":"e959f50d8263e9a5","version":"4","platform":"ios"}
2023-08-31 09:24:45 info: ERROR {}
2023-08-31 09:24:45 info: SSA API METHOD /api/lifeguard_fee_inquiry
2023-08-31 09:24:45 info: ------------------------------------------
2023-08-31 09:24:45 info: POST DB Tester,POST,,3.0.35,,,d287c32d-b7f3-4c44-b5c5-2ddf00b26f6a,,,,,,,2023-09-02 5:40:34
2023-08-31 09:24:45 info: {"completed_in":0,"status":0,"message":"TEST","session_id":"4aed7dcc-24f7-4191-b9ac-a2032caae56e","request_id":"","ts":"2023-08-31 9:24:45"}
2023-08-31 09:24:45 info: SSA ERROR RESPONSE
2023-08-31 09:25:24 info: ------------------------------------------
2023-08-31 09:25:24 info: SSA POST DATA {"debug":"1","user_id":"devej1469","device_id":"e959f50d8263e9a5","version":"4","platform":"ios"}
2023-08-31 09:25:24 info: POST DB Tester,POST,,3.0.35,,,d287c32d-b7f3-4c44-b5c5-2ddf00b26f6a,,,,,,,2023-09-02 5:40:34
2023-08-31 09:25:24 info: {"completed_in":0,"status":0,"message":"TEST","session_id":"03aca479-8ecc-4118-a5b2-ec011c368fa8","request_id":"","ts":"2023-08-31 9:25:24"}
2023-08-31 09:25:24 info: SSA API METHOD /api/lifeguard_fee_inquiry
2023-08-31 09:25:24 info: ERROR {}
2023-08-31 09:25:24 info: SSA ERROR RESPONSE
2023-08-31 09:26:09 info: ------------------------------------------
2023-08-31 09:26:09 info: {"completed_in":0,"status":0,"message":"TEST","session_id":"9eda10dd-2727-4952-822d-c2914f9eb845","request_id":"","ts":"2023-08-31 9:26:9"}
2023-08-31 09:26:09 info: SSA POST DATA {"debug":"1","user_id":"devej1469","device_id":"e959f50d8263e9a5","version":"4","platform":"ios"}
2023-08-31 09:26:09 info: ERROR {}
2023-08-31 09:26:09 info: SSA ERROR RESPONSE
2023-08-31 09:26:09 info: POST DB ["Tester","POST","","3.0.35","","","d287c32d-b7f3-4c44-b5c5-2ddf00b26f6a","","","","","","","2023-09-02 5:40:34"]
2023-08-31 09:26:09 info: SSA API METHOD /api/lifeguard_fee_inquiry
2023-08-31 09:26:18 info: ------------------------------------------
2023-08-31 09:26:18 info: SSA POST DATA {"debug":"1","user_id":"devej1469","device_id":"e959f50d8263e9a5","version":"4","platform":"ios"}
2023-08-31 09:26:18 info: SSA API METHOD /api/lifeguard_fee_inquiry
2023-08-31 09:26:19 info: ERROR {}
2023-08-31 09:26:18 info: POST DB ["Tester","POST","","3.0.35","","","d287c32d-b7f3-4c44-b5c5-2ddf00b26f6a","","","","","","","2023-09-02 5:40:34"]
2023-08-31 09:26:18 info: SSA ERROR RESPONSE
2023-08-31 09:26:18 info: {"completed_in":0,"status":0,"message":"TEST","session_id":"8815fbcb-d224-484e-9265-c075b9a80d40","request_id":"","ts":"2023-08-31 9:26:18"}
2023-08-31 09:28:13 info: ------------------------------------------
2023-08-31 09:28:57 info: ------------------------------------------
2023-08-31 09:28:57 info: SSA POST DATA {"debug":"1","user_id":"devej1469","device_id":"e959f50d8263e9a5","version":"4","platform":"ios"}
2023-08-31 09:28:57 info: SSA API METHOD /api/lifeguard_fee_inquiry
2023-08-31 09:29:35 info: SSA API METHOD /api/lifeguard_fee_inquiry
2023-08-31 09:29:35 info: ------------------------------------------
2023-08-31 09:29:35 info: SSA POST DATA {"debug":"1","user_id":"devej1469","device_id":"e959f50d8263e9a5","version":"4","platform":"ios"}
2023-08-31 09:29:35 info: SSA ERROR RESPONSE
2023-08-31 09:29:35 info: RESULT TEST {"fieldCount":0,"affectedRows":1,"insertId":8,"serverStatus":2,"warningCount":0,"message":"","protocol41":true,"changedRows":0}
2023-08-31 09:29:35 info: {"completed_in":0,"status":0,"message":"TEST","session_id":"445f6cb0-dc68-4cdf-9338-c6e755364098","request_id":"","ts":"2023-08-31 9:29:35"}
2023-08-31 09:30:24 info: ------------------------------------------
2023-08-31 09:30:24 info: SSA POST DATA {"debug":"1","user_id":"devej1469","device_id":"e959f50d8263e9a5","version":"4","platform":"ios"}
2023-08-31 09:30:24 info: SSA API METHOD /api/lifeguard_fee_inquiry
2023-08-31 09:31:40 info: ------------------------------------------
2023-08-31 09:31:40 info: SSA POST DATA {"debug":"1","user_id":"devej1469","device_id":"e959f50d8263e9a5","version":"4","platform":"ios"}
2023-08-31 09:31:40 info: SSA API METHOD /api/lifeguard_fee_inquiry
2023-08-31 09:32:52 info: ------------------------------------------
2023-08-31 09:32:52 info: SSA API METHOD /api/lifeguard_fee_inquiry
2023-08-31 09:32:52 info: SSA POST DATA {"debug":"1","user_id":"devej1469","device_id":"e959f50d8263e9a5","version":"4","platform":"ios"}
2023-08-31 09:37:25 info: ------------------------------------------
2023-08-31 09:37:25 info: {"completed_in":0,"status":0,"message":"TEST","session_id":"788b8551-047d-4c7b-903b-5d822f86260e","request_id":"","ts":"2023-08-31 9:37:25"}
2023-08-31 09:37:25 info: SSA POST DATA {"debug":"1","user_id":"devej1469","device_id":"e959f50d8263e9a5","version":"4","platform":"ios"}
2023-08-31 09:37:25 info: SSA ERROR RESPONSE
2023-08-31 09:37:25 info: SSA API METHOD /api/lifeguard_fee_inquiry
2023-08-31 09:38:07 info: ------------------------------------------
2023-08-31 09:38:07 info: SSA ERROR RESPONSE
2023-08-31 09:38:07 info: {"completed_in":0,"status":0,"message":"TEST","session_id":"71437dd7-aad2-434e-bc2b-68678757db4f","request_id":"","ts":"2023-08-31 9:38:7"}
2023-08-31 09:38:07 info: SSA POST DATA {"debug":"1","user_id":"devej1469","device_id":"e959f50d8263e9a5","version":"4","platform":"ios"}
2023-08-31 09:38:07 info: SSA API METHOD /api/lifeguard_fee_inquiry
2023-08-31 09:38:47 info: ------------------------------------------
2023-08-31 09:38:47 info: {"completed_in":0,"status":0,"message":"TEST","session_id":"abe010ec-720b-49ac-ba54-b19a397de7b0","request_id":"","ts":"2023-08-31 9:38:47"}
2023-08-31 09:38:47 info: SSA POST DATA {"debug":"1","user_id":"devej1469","device_id":"e959f50d8263e9a5","version":"4","platform":"ios"}
2023-08-31 09:38:47 info: SSA API METHOD /api/lifeguard_fee_inquiry
2023-08-31 09:38:47 info: SSA ERROR RESPONSE
2023-08-31 09:40:08 info: ------------------------------------------
2023-08-31 09:40:08 info: SSA API METHOD /api/lifeguard_fee_inquiry
2023-08-31 09:40:08 info: SSA ERROR RESPONSE
2023-08-31 09:40:08 info: {"completed_in":0,"status":0,"message":"TEST","session_id":"2d1fb031-3948-459f-8e85-7a7c86b465a5","request_id":"","ts":"2023-08-31 9:40:8"}
2023-08-31 09:40:08 info: POST DB ["lifeguard_fee_inquiry","POST","ios","4","e959f50d8263e9a5","","2d1fb031-3948-459f-8e85-7a7c86b465a5","devej1469","","","","","","2023-09-05 9:40:8"]
2023-08-31 09:40:08 info: SSA POST DATA {"debug":"1","user_id":"devej1469","device_id":"e959f50d8263e9a5","version":"4","platform":"ios"}
2023-08-31 09:40:08 info: POST DB lifeguard_fee_inquiry,POST,ios,4,e959f50d8263e9a5,,2d1fb031-3948-459f-8e85-7a7c86b465a5,devej1469,,,,,,2023-09-05 9:40:8
2023-08-31 09:41:05 info: SSA POST DATA {"debug":"1","user_id":"devej1469","device_id":"e959f50d8263e9a5","version":"4","platform":"ios"}
2023-08-31 09:41:05 info: ------------------------------------------
2023-08-31 09:41:05 info: {"completed_in":0,"status":0,"message":"TEST","session_id":"e78c39bc-6ead-4491-bbe5-afb6fbbdd63f","request_id":"","ts":"2023-08-31 9:41:5"}
2023-08-31 09:41:05 info: SSA ERROR RESPONSE
2023-08-31 09:41:05 info: POST DB ["lifeguard_fee_inquiry","POST","ios","4","e959f50d8263e9a5","","e78c39bc-6ead-4491-bbe5-afb6fbbdd63f","devej1469","","","","","","2023-09-05 9:41:5"]
2023-08-31 09:41:05 info: SSA API METHOD /api/lifeguard_fee_inquiry
2023-08-31 09:41:05 info: POST DB lifeguard_fee_inquiry,POST,ios,4,e959f50d8263e9a5,,e78c39bc-6ead-4491-bbe5-afb6fbbdd63f,devej1469,,,,,,2023-09-05 9:41:5
2023-08-31 09:41:14 info: ------------------------------------------
2023-08-31 09:41:14 info: SSA POST DATA {"debug":"1","user_id":"devej1469","device_id":"e959f50d8263e9a5","version":"4","platform":"ios","filters":"{\n  \"func\": \"S\",\n  \"journal\": \"\",\n  \"last_key\": \"\",\n\"panalokard\": \"7b468c21a41519088ea4bfa2d0482cd4\",\n  \"panalowallet\": {\n    \"account_no\": \"OVVjVlczK1R2d1dOQkJGZzA2RnplZz09\",\n    \"currency\": \"PHP\"\n  },\n  \"post_date\": \"\",\n  \"total_record_count\": \"\",\n  \"sequence\": \"\",\n  \"start_key\": \"\",\n  \"record_count\": 0\n}","session_id":"53a2a5e5-40b4-44f3-a1a0-e35aca0357ea","request_id":"53a2a5e5-40b4-4413-a5a0-e35aca0357e1","signature":"a124b6c81d920bc8f61bbb6aea621e7abcbf26f85efe4fd8b15ffb27c7c9378a8fd5a6db2ec333a0ecd521ec1c520de52e7c845bbe5ab764d5e73e1206db7d3e"}
2023-08-31 09:41:14 info: SSA API METHOD /api/notification_get_all
2023-08-31 09:41:14 info: URL: https://192.168.205.127:1328/Notification/getActive
2023-08-31 09:41:14 info: POST DB ["notification_get_all","POST","ios","4","e959f50d8263e9a5","53a2a5e5-40b4-4413-a5a0-e35aca0357e1","95f40d83-758f-418a-b2e2-a7af52beeff5","devej1469","a124b6c81d920bc8f61bbb6aea621e7abcbf26f85efe4fd8b15ffb27c7c9378a8fd5a6db2ec333a0ecd521ec1c520de52e7c845bbe5ab764d5e73e1206db7d3e","","","","","2023-09-05 9:41:14"]
2023-08-31 09:41:14 info: ACTUAL POST....
2023-08-31 09:41:14 info: {"channel":{"code":"M"},"type":"ALL","user_id":"devej1469"}
2023-08-31 09:41:14 info: POST DB notification_get_all,POST,ios,4,e959f50d8263e9a5,53a2a5e5-40b4-4413-a5a0-e35aca0357e1,95f40d83-758f-418a-b2e2-a7af52beeff5,devej1469,a124b6c81d920bc8f61bbb6aea621e7abcbf26f85efe4fd8b15ffb27c7c9378a8fd5a6db2ec333a0ecd521ec1c520de52e7c845bbe5ab764d5e73e1206db7d3e,,,,,2023-09-05 9:41:14
2023-08-31 09:41:48 info: ------------------------------------------
2023-08-31 09:41:48 info: SSA POST DATA {"debug":"1","user_id":"devej1469","device_id":"e959f50d8263e9a5","version":"4","platform":"ios","filters":"{\n  \"func\": \"S\",\n  \"journal\": \"\",\n  \"last_key\": \"\",\n\"panalokard\": \"7b468c21a41519088ea4bfa2d0482cd4\",\n  \"panalowallet\": {\n    \"account_no\": \"OVVjVlczK1R2d1dOQkJGZzA2RnplZz09\",\n    \"currency\": \"PHP\"\n  },\n  \"post_date\": \"\",\n  \"total_record_count\": \"\",\n  \"sequence\": \"\",\n  \"start_key\": \"\",\n  \"record_count\": 0\n}","session_id":"53a2a5e5-40b4-44f3-a1a0-e35aca0357ea","request_id":"53a2a5e5-40b4-4413-a5a0-e35aca0357e1","signature":"a124b6c81d920bc8f61bbb6aea621e7abcbf26f85efe4fd8b15ffb27c7c9378a8fd5a6db2ec333a0ecd521ec1c520de52e7c845bbe5ab764d5e73e1206db7d3e"}
2023-08-31 09:41:48 info: ACTUAL POST....
2023-08-31 09:41:48 info: SSA API METHOD /api/notification_get_all
2023-08-31 09:41:48 info: POST DB ["notification_get_all","POST","ios","4","e959f50d8263e9a5","53a2a5e5-40b4-4413-a5a0-e35aca0357e1","d7bcd5d6-d2c4-4c95-be9d-93d39ecaef4a","devej1469","a124b6c81d920bc8f61bbb6aea621e7abcbf26f85efe4fd8b15ffb27c7c9378a8fd5a6db2ec333a0ecd521ec1c520de52e7c845bbe5ab764d5e73e1206db7d3e","","","","","2023-09-05 9:41:48"]
2023-08-31 09:41:48 info: URL: https://192.168.205.127:1328/Notification/getActive
2023-08-31 09:41:48 info: {"channel":{"code":"M"},"type":"ALL","user_id":"devej1469"}
2023-08-31 09:41:59 info: ------------------------------------------
2023-08-31 09:41:59 info: SSA API METHOD /api/notification_get_all
2023-08-31 09:41:59 info: SSA POST DATA {"debug":"1","user_id":"devej1469","device_id":"e959f50d8263e9a5","version":"4","platform":"ios","filters":"{\n  \"func\": \"S\",\n  \"journal\": \"\",\n  \"last_key\": \"\",\n\"panalokard\": \"7b468c21a41519088ea4bfa2d0482cd4\",\n  \"panalowallet\": {\n    \"account_no\": \"OVVjVlczK1R2d1dOQkJGZzA2RnplZz09\",\n    \"currency\": \"PHP\"\n  },\n  \"post_date\": \"\",\n  \"total_record_count\": \"\",\n  \"sequence\": \"\",\n  \"start_key\": \"\",\n  \"record_count\": 0\n}","session_id":"53a2a5e5-40b4-44f3-a1a0-e35aca0357ea","request_id":"53a2a5e5-40b4-4413-a5a0-e35aca0357e1","signature":"a124b6c81d920bc8f61bbb6aea621e7abcbf26f85efe4fd8b15ffb27c7c9378a8fd5a6db2ec333a0ecd521ec1c520de52e7c845bbe5ab764d5e73e1206db7d3e"}
2023-08-31 09:41:59 info: {"channel":{"code":"M"},"type":"ALL","user_id":"devej1469"}
2023-08-31 09:41:59 info: ACTUAL POST....
2023-08-31 09:41:59 info: POST DB ["notification_get_all","POST","ios","4","e959f50d8263e9a5","53a2a5e5-40b4-4413-a5a0-e35aca0357e1","dc93e270-592f-4114-a403-4af7f9347b2f","devej1469","a124b6c81d920bc8f61bbb6aea621e7abcbf26f85efe4fd8b15ffb27c7c9378a8fd5a6db2ec333a0ecd521ec1c520de52e7c845bbe5ab764d5e73e1206db7d3e","","","","","2023-09-05 9:41:59"]
2023-08-31 09:41:59 info: URL: https://192.168.205.127:1328/Notification/getActive
2023-08-31 09:42:01 info: USSC WEB SERVICE RESPONSE
2023-08-31 09:42:01 info: SSA SUCCESS RESPONSE {"completed_in":0,"status":1,"message":"Success.","session_id":"dc93e270-592f-4114-a403-4af7f9347b2f","request_id":"53a2a5e5-40b4-4413-a5a0-e35aca0357e1","ts":"2023-08-31 9:42:1","result":[{"notification_id":69,"type":"2","tag":69,"title":"test","datein":"12/04/2022 12:17:00","body":"test"},{"notification_id":68,"type":"2","tag":68,"title":"SSA Revamp Test","datein":"12/04/2022 11:25:56","body":"TEST"},{"notification_id":62,"type":"2","tag":62,"title":"TEST","datein":"31/03/2022 11:15:28","body":"TEST"},{"notification_id":67,"type":"2","tag":67,"title":"TEST 6","datein":"01/04/2022 15:06:48","body":"Update your U Store Mobile App on (MM/DD/YYYY) for a more enhanced app experience like sending and receiving money remittances with various partners. Older versions of the app will no longer work after this date.  Chat with our Customer Service Specialist to know more about it.  Thank you very much,"},{"notification_id":66,"type":"2","tag":66,"title":"TEST 5","datein":"01/04/2022 15:05:42","body":"USSC SUPER U APP UPDATE NOW AVAILABLE!"},{"notification_id":65,"type":"2","tag":65,"title":"TEST 4","datein":"01/04/2022 15:03:00","body":"USSC SUPER U APP UPDATE NOW AVAILABLE!"},{"notification_id":64,"type":"2","tag":64,"title":"PUSH UPDATE - test","datein":"01/04/2022 14:40:26","body":"USSC SUPER U APP UPDATE NOW AVAILABLE!"},{"notification_id":63,"type":"2","tag":63,"title":"Resolved access issue - General","datein":"31/03/2022 13:43:55","body":"TEST2"},{"notification_id":61,"type":"2","tag":61,"title":"TEST","datein":"31/03/2022 10:57:28","body":"Intermittent access due to time-out error"},{"notification_id":55,"type":"2","tag":55,"title":"Time-out error","datein":"30/03/2022 14:17:43","body":"Intermittent access due to time-out error"},{"notification_id":27,"type":"2","tag":27,"title":"invalid and valid","datein":"29/07/2019 10:22:05","body":"test"},{"notification_id":1,"type":"1","tag":1,"title":"July 26 Promo 1","datein":"26/07/2019 08:04:36","body":"Promo Description"},{"notification_id":53,"type":"1","tag":53,"title":"July 29 Promo 3","datein":"29/07/2019 12:04:40","body":"Promo Description"},{"notification_id":24,"type":"1","tag":24,"title":"July 29 Promo for ALL","datein":"29/07/2019 09:33:06","body":"Promo Desc"},{"notification_id":23,"type":"1","tag":23,"title":"July 29 Promo for ALL","datein":"29/07/2019 09:27:46","body":"Promo Desc"}]}
2023-08-31 09:42:01 info: ACTUAL RESPONSE.... {"code":"000000","message":"OK","data":[{"notification_id":69,"type":"2","tag":69,"title":"test","datein":"12/04/2022 12:17:00","body":"test"},{"notification_id":68,"type":"2","tag":68,"title":"SSA Revamp Test","datein":"12/04/2022 11:25:56","body":"TEST"},{"notification_id":62,"type":"2","tag":62,"title":"TEST","datein":"31/03/2022 11:15:28","body":"TEST"},{"notification_id":67,"type":"2","tag":67,"title":"TEST 6","datein":"01/04/2022 15:06:48","body":"Update your U Store Mobile App on (MM/DD/YYYY) for a more enhanced app experience like sending and receiving money remittances with various partners. Older versions of the app will no longer work after this date.  Chat with our Customer Service Specialist to know more about it.  Thank you very much,"},{"notification_id":66,"type":"2","tag":66,"title":"TEST 5","datein":"01/04/2022 15:05:42","body":"USSC SUPER U APP UPDATE NOW AVAILABLE!"},{"notification_id":65,"type":"2","tag":65,"title":"TEST 4","datein":"01/04/2022 15:03:00","body":"USSC SUPER U APP UPDATE NOW AVAILABLE!"},{"notification_id":64,"type":"2","tag":64,"title":"PUSH UPDATE - test","datein":"01/04/2022 14:40:26","body":"USSC SUPER U APP UPDATE NOW AVAILABLE!"},{"notification_id":63,"type":"2","tag":63,"title":"Resolved access issue - General","datein":"31/03/2022 13:43:55","body":"TEST2"},{"notification_id":61,"type":"2","tag":61,"title":"TEST","datein":"31/03/2022 10:57:28","body":"Intermittent access due to time-out error"},{"notification_id":55,"type":"2","tag":55,"title":"Time-out error","datein":"30/03/2022 14:17:43","body":"Intermittent access due to time-out error"},{"notification_id":27,"type":"2","tag":27,"title":"invalid and valid","datein":"29/07/2019 10:22:05","body":"test"},{"notification_id":1,"type":"1","tag":1,"title":"July 26 Promo 1","datein":"26/07/2019 08:04:36","body":"Promo Description"},{"notification_id":53,"type":"1","tag":53,"title":"July 29 Promo 3","datein":"29/07/2019 12:04:40","body":"Promo Description"},{"notification_id":24,"type":"1","tag":24,"title":"July 29 Promo for ALL","datein":"29/07/2019 09:33:06","body":"Promo Desc"},{"notification_id":23,"type":"1","tag":23,"title":"July 29 Promo for ALL","datein":"29/07/2019 09:27:46","body":"Promo Desc"}]})
2023-08-31 09:43:05 info: ------------------------------------------
2023-08-31 09:43:05 info: SSA POST DATA {"version":"4","debug":"1","user_id":"devej1469"}
2023-08-31 09:43:05 info: SSA API METHOD /api/moneygram/get_codes
2023-08-31 09:43:05 info: POST DB ["get_codes","POST","","4","","","f2bec465-2750-4b16-91db-05087174edef","devej1469","","","","","","2023-09-05 9:43:5"]
2023-08-31 09:43:05 info: SSA ERROR RESPONSE
2023-08-31 09:43:05 info: {"completed_in":0,"status":0,"message":"channel_code is required","session_id":"f2bec465-2750-4b16-91db-05087174edef","request_id":"","ts":"2023-08-31 9:43:5"}
2023-08-31 09:43:15 info: ------------------------------------------
2023-08-31 09:43:15 info: SSA API METHOD /api/moneygram/get_codes
2023-08-31 09:43:15 info: SSA POST DATA {"version":"4","debug":"1","user_id":"devej1469","channel_code":"M"}
2023-08-31 09:43:15 info: POST DB ["get_codes","POST","","4","","","5fd30ddb-1305-4a83-a7f1-410f8679e7ee","devej1469","","","","","","2023-09-05 9:43:15"]
2023-08-31 09:43:15 info: UMSI URL: http://192.168.144.119:8000/api/moneygram/getcodes
2023-08-31 09:43:15 info: UMSI ACTUAL POST.... {"BranchCode":"61300","UserId":"MAP001","TerminalId":"61300","Channel":"M"}
2023-08-31 09:43:26 info: {"completed_in":0,"status":0,"message":"Error","session_id":"5fd30ddb-1305-4a83-a7f1-410f8679e7ee","request_id":"","ts":"2023-08-31 9:43:26"}
2023-08-31 09:43:26 info: {"message":"Request failed with status code 500","name":"AxiosError","stack":"AxiosError: Request failed with status code 500\n    at settle (/usr/src/app/node_modules/axios/dist/node/axios.cjs:1909:12)\n    at IncomingMessage.handleStreamEnd (/usr/src/app/node_modules/axios/dist/node/axios.cjs:2989:11)\n    at IncomingMessage.emit (node:events:526:35)\n    at endReadableNT (node:internal/streams/readable:1359:12)\n    at process.processTicksAndRejections (node:internal/process/task_queues:82:21)","config":{"transitional":{"silentJSONParsing":true,"forcedJSONParsing":true,"clarifyTimeoutError":false},"adapter":["xhr","http"],"transformRequest":[null],"transformResponse":[null],"timeout":0,"xsrfCookieName":"XSRF-TOKEN","xsrfHeaderName":"X-XSRF-TOKEN","maxContentLength":-1,"maxBodyLength":-1,"env":{},"headers":{"Accept":"application/json, text/plain, */*","Content-Type":"application/json","apikey":"a8e2fca9-e9b2-4175-919a-e5da7b36a648","User-Agent":"axios/1.4.0","Content-Length":"75","Accept-Encoding":"gzip, compress, deflate, br"},"method":"post","url":"http://192.168.144.119:8000/api/moneygram/getcodes","data":"{\"BranchCode\":\"61300\",\"UserId\":\"MAP001\",\"TerminalId\":\"61300\",\"Channel\":\"M\"}","httpsAgent":{"_events":{},"_eventsCount":2,"defaultPort":443,"protocol":"https:","options":{"rejectUnauthorized":false,"noDelay":true,"path":null},"requests":{},"sockets":{},"freeSockets":{},"keepAliveMsecs":1000,"keepAlive":false,"maxSockets":null,"maxFreeSockets":256,"scheduling":"lifo","maxTotalSockets":null,"totalSocketCount":0,"maxCachedSessions":100,"_sessionCache":{"map":{},"list":[]}}},"code":"ERR_BAD_RESPONSE","status":500}
2023-08-31 09:43:26 info: SSA ERROR RESPONSE
2023-08-31 09:45:08 info: ------------------------------------------
2023-08-31 09:45:08 info: SSA POST DATA {"version":"4","debug":"1","user_id":"devej1469","channel_code":"M"}
2023-08-31 09:45:08 info: POST DB ["get_codes","POST","","4","","","8ae4541c-3352-4a19-985c-97c7ddecf769","devej1469","","","","","","2023-09-05 9:45:8"]
2023-08-31 09:45:08 info: SSA API METHOD /api/moneygram/get_codes
2023-08-31 09:45:08 info: UMSI URL: http://192.168.144.119:8000/api/moneygram/getcodes
2023-08-31 09:45:08 info: UMSI ACTUAL POST.... {"BranchCode":"61300","UserId":"MAP001","TerminalId":"61300","Channel":"M"}
2023-08-31 09:45:18 info: UMSI API ERROR {"message":"Request failed with status code 500","name":"AxiosError","stack":"AxiosError: Request failed with status code 500\n    at settle (/usr/src/app/node_modules/axios/dist/node/axios.cjs:1909:12)\n    at IncomingMessage.handleStreamEnd (/usr/src/app/node_modules/axios/dist/node/axios.cjs:2989:11)\n    at IncomingMessage.emit (node:events:526:35)\n    at endReadableNT (node:internal/streams/readable:1359:12)\n    at process.processTicksAndRejections (node:internal/process/task_queues:82:21)","config":{"transitional":{"silentJSONParsing":true,"forcedJSONParsing":true,"clarifyTimeoutError":false},"adapter":["xhr","http"],"transformRequest":[null],"transformResponse":[null],"timeout":0,"xsrfCookieName":"XSRF-TOKEN","xsrfHeaderName":"X-XSRF-TOKEN","maxContentLength":-1,"maxBodyLength":-1,"env":{},"headers":{"Accept":"application/json, text/plain, */*","Content-Type":"application/json","apikey":"a8e2fca9-e9b2-4175-919a-e5da7b36a648","User-Agent":"axios/1.4.0","Content-Length":"75","Accept-Encoding":"gzip, compress, deflate, br"},"method":"post","url":"http://192.168.144.119:8000/api/moneygram/getcodes","data":"{\"BranchCode\":\"61300\",\"UserId\":\"MAP001\",\"TerminalId\":\"61300\",\"Channel\":\"M\"}","httpsAgent":{"_events":{},"_eventsCount":2,"defaultPort":443,"protocol":"https:","options":{"rejectUnauthorized":false,"noDelay":true,"path":null},"requests":{},"sockets":{},"freeSockets":{},"keepAliveMsecs":1000,"keepAlive":false,"maxSockets":null,"maxFreeSockets":256,"scheduling":"lifo","maxTotalSockets":null,"totalSocketCount":0,"maxCachedSessions":100,"_sessionCache":{"map":{},"list":[]}}},"code":"ERR_BAD_RESPONSE","status":500}
2023-08-31 09:45:18 info: SSA ERROR RESPONSE
2023-08-31 09:45:18 info: {"completed_in":0,"status":0,"message":"Error","session_id":"8ae4541c-3352-4a19-985c-97c7ddecf769","request_id":"","ts":"2023-08-31 9:45:18"}
2023-08-31 09:45:37 info: ------------------------------------------
2023-08-31 09:45:37 info: SSA POST DATA {"debug":"1","user_id":"devej1469","device_id":"e959f50d8263e9a5","version":"4","platform":"ios","filters":"{\n  \"func\": \"S\",\n  \"journal\": \"\",\n  \"last_key\": \"\",\n\"panalokard\": \"7b468c21a41519088ea4bfa2d0482cd4\",\n  \"panalowallet\": {\n    \"account_no\": \"OVVjVlczK1R2d1dOQkJGZzA2RnplZz09\",\n    \"currency\": \"PHP\"\n  },\n  \"post_date\": \"\",\n  \"total_record_count\": \"\",\n  \"sequence\": \"\",\n  \"start_key\": \"\",\n  \"record_count\": 0\n}","session_id":"53a2a5e5-40b4-44f3-a1a0-e35aca0357ea","request_id":"53a2a5e5-40b4-4413-a5a0-e35aca0357e1","signature":"a124b6c81d920bc8f61bbb6aea621e7abcbf26f85efe4fd8b15ffb27c7c9378a8fd5a6db2ec333a0ecd521ec1c520de52e7c845bbe5ab764d5e73e1206db7d3e"}
2023-08-31 09:45:37 info: SSA API METHOD /api/notification_get_all
2023-08-31 09:45:37 info: POST DB ["notification_get_all","POST","ios","4","e959f50d8263e9a5","53a2a5e5-40b4-4413-a5a0-e35aca0357e1","e90489a1-217d-4d9f-8a2b-ae15e951bcc6","devej1469","a124b6c81d920bc8f61bbb6aea621e7abcbf26f85efe4fd8b15ffb27c7c9378a8fd5a6db2ec333a0ecd521ec1c520de52e7c845bbe5ab764d5e73e1206db7d3e","","","","","2023-09-05 9:45:37"]
2023-08-31 09:45:37 info: URL: https://192.168.205.127:1328/Notification/getActive
2023-08-31 09:45:37 info: ACTUAL POST....
2023-08-31 09:45:37 info: {"channel":{"code":"M"},"type":"ALL","user_id":"devej1469"}
2023-08-31 09:45:39 info: USSC WEB SERVICE RESPONSE
2023-08-31 09:45:39 info: ACTUAL RESPONSE.... {"code":"000000","message":"OK","data":[{"notification_id":69,"type":"2","tag":69,"title":"test","datein":"12/04/2022 12:17:00","body":"test"},{"notification_id":68,"type":"2","tag":68,"title":"SSA Revamp Test","datein":"12/04/2022 11:25:56","body":"TEST"},{"notification_id":62,"type":"2","tag":62,"title":"TEST","datein":"31/03/2022 11:15:28","body":"TEST"},{"notification_id":67,"type":"2","tag":67,"title":"TEST 6","datein":"01/04/2022 15:06:48","body":"Update your U Store Mobile App on (MM/DD/YYYY) for a more enhanced app experience like sending and receiving money remittances with various partners. Older versions of the app will no longer work after this date.  Chat with our Customer Service Specialist to know more about it.  Thank you very much,"},{"notification_id":66,"type":"2","tag":66,"title":"TEST 5","datein":"01/04/2022 15:05:42","body":"USSC SUPER U APP UPDATE NOW AVAILABLE!"},{"notification_id":65,"type":"2","tag":65,"title":"TEST 4","datein":"01/04/2022 15:03:00","body":"USSC SUPER U APP UPDATE NOW AVAILABLE!"},{"notification_id":64,"type":"2","tag":64,"title":"PUSH UPDATE - test","datein":"01/04/2022 14:40:26","body":"USSC SUPER U APP UPDATE NOW AVAILABLE!"},{"notification_id":63,"type":"2","tag":63,"title":"Resolved access issue - General","datein":"31/03/2022 13:43:55","body":"TEST2"},{"notification_id":61,"type":"2","tag":61,"title":"TEST","datein":"31/03/2022 10:57:28","body":"Intermittent access due to time-out error"},{"notification_id":55,"type":"2","tag":55,"title":"Time-out error","datein":"30/03/2022 14:17:43","body":"Intermittent access due to time-out error"},{"notification_id":27,"type":"2","tag":27,"title":"invalid and valid","datein":"29/07/2019 10:22:05","body":"test"},{"notification_id":1,"type":"1","tag":1,"title":"July 26 Promo 1","datein":"26/07/2019 08:04:36","body":"Promo Description"},{"notification_id":53,"type":"1","tag":53,"title":"July 29 Promo 3","datein":"29/07/2019 12:04:40","body":"Promo Description"},{"notification_id":24,"type":"1","tag":24,"title":"July 29 Promo for ALL","datein":"29/07/2019 09:33:06","body":"Promo Desc"},{"notification_id":23,"type":"1","tag":23,"title":"July 29 Promo for ALL","datein":"29/07/2019 09:27:46","body":"Promo Desc"}]})
2023-08-31 09:45:39 info: SSA SUCCESS RESPONSE {"completed_in":0,"status":1,"message":"Success.","session_id":"e90489a1-217d-4d9f-8a2b-ae15e951bcc6","request_id":"53a2a5e5-40b4-4413-a5a0-e35aca0357e1","ts":"2023-08-31 9:45:39","result":[{"notification_id":69,"type":"2","tag":69,"title":"test","datein":"12/04/2022 12:17:00","body":"test"},{"notification_id":68,"type":"2","tag":68,"title":"SSA Revamp Test","datein":"12/04/2022 11:25:56","body":"TEST"},{"notification_id":62,"type":"2","tag":62,"title":"TEST","datein":"31/03/2022 11:15:28","body":"TEST"},{"notification_id":67,"type":"2","tag":67,"title":"TEST 6","datein":"01/04/2022 15:06:48","body":"Update your U Store Mobile App on (MM/DD/YYYY) for a more enhanced app experience like sending and receiving money remittances with various partners. Older versions of the app will no longer work after this date.  Chat with our Customer Service Specialist to know more about it.  Thank you very much,"},{"notification_id":66,"type":"2","tag":66,"title":"TEST 5","datein":"01/04/2022 15:05:42","body":"USSC SUPER U APP UPDATE NOW AVAILABLE!"},{"notification_id":65,"type":"2","tag":65,"title":"TEST 4","datein":"01/04/2022 15:03:00","body":"USSC SUPER U APP UPDATE NOW AVAILABLE!"},{"notification_id":64,"type":"2","tag":64,"title":"PUSH UPDATE - test","datein":"01/04/2022 14:40:26","body":"USSC SUPER U APP UPDATE NOW AVAILABLE!"},{"notification_id":63,"type":"2","tag":63,"title":"Resolved access issue - General","datein":"31/03/2022 13:43:55","body":"TEST2"},{"notification_id":61,"type":"2","tag":61,"title":"TEST","datein":"31/03/2022 10:57:28","body":"Intermittent access due to time-out error"},{"notification_id":55,"type":"2","tag":55,"title":"Time-out error","datein":"30/03/2022 14:17:43","body":"Intermittent access due to time-out error"},{"notification_id":27,"type":"2","tag":27,"title":"invalid and valid","datein":"29/07/2019 10:22:05","body":"test"},{"notification_id":1,"type":"1","tag":1,"title":"July 26 Promo 1","datein":"26/07/2019 08:04:36","body":"Promo Description"},{"notification_id":53,"type":"1","tag":53,"title":"July 29 Promo 3","datein":"29/07/2019 12:04:40","body":"Promo Description"},{"notification_id":24,"type":"1","tag":24,"title":"July 29 Promo for ALL","datein":"29/07/2019 09:33:06","body":"Promo Desc"},{"notification_id":23,"type":"1","tag":23,"title":"July 29 Promo for ALL","datein":"29/07/2019 09:27:46","body":"Promo Desc"}]}
